{"/home/travis/build/npmtest/node-npmtest-memdb-server/test.js":{"path":"/home/travis/build/npmtest/node-npmtest-memdb-server/test.js","s":{"1":2,"2":2,"3":2,"4":2,"5":2,"6":2,"7":2,"8":1,"9":2,"10":2,"11":1,"12":1,"13":1,"14":1,"15":2,"16":2,"17":2,"18":2,"19":1,"20":1,"21":2,"22":2,"23":2,"24":1,"25":1,"26":1,"27":1,"28":1,"29":1,"30":1,"31":1,"32":1,"33":1,"34":1,"35":1,"36":1,"37":1,"38":1,"39":2,"40":2,"41":1,"42":2,"43":2,"44":1,"45":2,"46":2,"47":1,"48":2,"49":2,"50":1,"51":1,"52":1,"53":1,"54":1},"b":{"1":[2,1,1,1],"2":[1,1,1,1],"3":[1,1],"4":[1,1],"5":[1,1],"6":[1,1],"7":[1,1],"8":[1,1],"9":[1,1],"10":[1,1,1],"11":[1,1],"12":[1,1],"13":[1,1],"14":[1,1],"15":[1,1],"16":[1,1],"17":[1,1]},"f":{"1":2,"2":2,"3":2,"4":2,"5":2,"6":1,"7":1,"8":1,"9":2,"10":2,"11":2,"12":2,"13":1},"fnMap":{"1":{"name":"(anonymous_1)","line":12,"loc":{"start":{"line":12,"column":1},"end":{"line":12,"column":13}}},"2":{"name":"(anonymous_2)","line":19,"loc":{"start":{"line":19,"column":5},"end":{"line":19,"column":17}}},"3":{"name":"(anonymous_3)","line":23,"loc":{"start":{"line":23,"column":24},"end":{"line":23,"column":36}}},"4":{"name":"(anonymous_4)","line":61,"loc":{"start":{"line":61,"column":5},"end":{"line":61,"column":17}}},"5":{"name":"(anonymous_5)","line":82,"loc":{"start":{"line":82,"column":5},"end":{"line":82,"column":17}}},"6":{"name":"(anonymous_6)","line":91,"loc":{"start":{"line":91,"column":77},"end":{"line":94,"column":10}}},"7":{"name":"(anonymous_7)","line":112,"loc":{"start":{"line":112,"column":83},"end":{"line":115,"column":10}},"skip":true},"8":{"name":"(anonymous_8)","line":123,"loc":{"start":{"line":123,"column":77},"end":{"line":126,"column":10}},"skip":true},"9":{"name":"(anonymous_9)","line":139,"loc":{"start":{"line":139,"column":12},"end":{"line":139,"column":40}},"skip":true},"10":{"name":"(anonymous_10)","line":147,"loc":{"start":{"line":147,"column":77},"end":{"line":150,"column":10}},"skip":true},"11":{"name":"(anonymous_11)","line":158,"loc":{"start":{"line":158,"column":83},"end":{"line":161,"column":10}},"skip":true},"12":{"name":"(anonymous_12)","line":169,"loc":{"start":{"line":169,"column":79},"end":{"line":172,"column":10}},"skip":true},"13":{"name":"(anonymous_13)","line":180,"loc":{"start":{"line":180,"column":75},"end":{"line":183,"column":10}},"skip":true}},"statementMap":{"1":{"start":{"line":12,"column":0},"end":{"line":195,"column":5}},"2":{"start":{"line":14,"column":4},"end":{"line":14,"column":14}},"3":{"start":{"line":19,"column":4},"end":{"line":56,"column":9}},"4":{"start":{"line":21,"column":8},"end":{"line":21,"column":19}},"5":{"start":{"line":23,"column":8},"end":{"line":35,"column":13}},"6":{"start":{"line":24,"column":12},"end":{"line":34,"column":13}},"7":{"start":{"line":25,"column":16},"end":{"line":28,"column":30}},"8":{"start":{"line":30,"column":16},"end":{"line":33,"column":27}},"9":{"start":{"line":37,"column":8},"end":{"line":39,"column":21}},"10":{"start":{"line":40,"column":8},"end":{"line":53,"column":9}},"11":{"start":{"line":43,"column":12},"end":{"line":46,"column":14}},"12":{"start":{"line":47,"column":12},"end":{"line":47,"column":18}},"13":{"start":{"line":50,"column":12},"end":{"line":51,"column":33}},"14":{"start":{"line":52,"column":12},"end":{"line":52,"column":18}},"15":{"start":{"line":55,"column":8},"end":{"line":55,"column":35}},"16":{"start":{"line":61,"column":4},"end":{"line":63,"column":9}},"17":{"start":{"line":62,"column":8},"end":{"line":62,"column":15}},"18":{"start":{"line":64,"column":4},"end":{"line":77,"column":5}},"19":{"start":{"line":70,"column":8},"end":{"line":70,"column":14}},"20":{"start":{"line":76,"column":8},"end":{"line":76,"column":14}},"21":{"start":{"line":82,"column":4},"end":{"line":84,"column":9}},"22":{"start":{"line":83,"column":8},"end":{"line":83,"column":15}},"23":{"start":{"line":85,"column":4},"end":{"line":194,"column":5}},"24":{"start":{"line":91,"column":8},"end":{"line":99,"column":10}},"25":{"start":{"line":98,"column":12},"end":{"line":98,"column":35}},"26":{"start":{"line":102,"column":8},"end":{"line":104,"column":63}},"27":{"start":{"line":105,"column":8},"end":{"line":105,"column":14}},"28":{"start":{"line":112,"column":8},"end":{"line":121,"column":10},"skip":true},"29":{"start":{"line":119,"column":12},"end":{"line":119,"column":55},"skip":true},"30":{"start":{"line":120,"column":12},"end":{"line":120,"column":48},"skip":true},"31":{"start":{"line":123,"column":8},"end":{"line":136,"column":10},"skip":true},"32":{"start":{"line":130,"column":12},"end":{"line":130,"column":76},"skip":true},"33":{"start":{"line":131,"column":12},"end":{"line":131,"column":73},"skip":true},"34":{"start":{"line":132,"column":12},"end":{"line":132,"column":74},"skip":true},"35":{"start":{"line":133,"column":12},"end":{"line":133,"column":79},"skip":true},"36":{"start":{"line":134,"column":12},"end":{"line":134,"column":25},"skip":true},"37":{"start":{"line":135,"column":12},"end":{"line":135,"column":45},"skip":true},"38":{"start":{"line":138,"column":8},"end":{"line":145,"column":14},"skip":true},"39":{"start":{"line":143,"column":16},"end":{"line":143,"column":29},"skip":true},"40":{"start":{"line":144,"column":16},"end":{"line":144,"column":55},"skip":true},"41":{"start":{"line":147,"column":8},"end":{"line":156,"column":10},"skip":true},"42":{"start":{"line":154,"column":12},"end":{"line":154,"column":25},"skip":true},"43":{"start":{"line":155,"column":12},"end":{"line":155,"column":45},"skip":true},"44":{"start":{"line":158,"column":8},"end":{"line":167,"column":10},"skip":true},"45":{"start":{"line":165,"column":12},"end":{"line":165,"column":25},"skip":true},"46":{"start":{"line":166,"column":12},"end":{"line":166,"column":48},"skip":true},"47":{"start":{"line":169,"column":8},"end":{"line":178,"column":10},"skip":true},"48":{"start":{"line":176,"column":12},"end":{"line":176,"column":25},"skip":true},"49":{"start":{"line":177,"column":12},"end":{"line":177,"column":46},"skip":true},"50":{"start":{"line":180,"column":8},"end":{"line":189,"column":10},"skip":true},"51":{"start":{"line":187,"column":12},"end":{"line":187,"column":94},"skip":true},"52":{"start":{"line":188,"column":12},"end":{"line":188,"column":48},"skip":true},"53":{"start":{"line":192,"column":8},"end":{"line":192,"column":35},"skip":true},"54":{"start":{"line":193,"column":8},"end":{"line":193,"column":14},"skip":true}},"branchMap":{"1":{"line":25,"type":"binary-expr","locations":[{"start":{"line":25,"column":23},"end":{"line":25,"column":62}},{"start":{"line":26,"column":20},"end":{"line":26,"column":70}},{"start":{"line":27,"column":20},"end":{"line":27,"column":71}},{"start":{"line":28,"column":20},"end":{"line":28,"column":29}}]},"2":{"line":30,"type":"binary-expr","locations":[{"start":{"line":30,"column":23},"end":{"line":30,"column":37}},{"start":{"line":31,"column":20},"end":{"line":31,"column":61}},{"start":{"line":32,"column":20},"end":{"line":32,"column":70}},{"start":{"line":33,"column":20},"end":{"line":33,"column":26}}]},"3":{"line":37,"type":"cond-expr","locations":[{"start":{"line":38,"column":14},"end":{"line":38,"column":20}},{"start":{"line":39,"column":14},"end":{"line":39,"column":20}}]},"4":{"line":40,"type":"switch","locations":[{"start":{"line":42,"column":8},"end":{"line":47,"column":18}},{"start":{"line":49,"column":8},"end":{"line":52,"column":18}}]},"5":{"line":44,"type":"binary-expr","locations":[{"start":{"line":44,"column":16},"end":{"line":44,"column":44}},{"start":{"line":44,"column":48},"end":{"line":44,"column":66}}]},"6":{"line":50,"type":"binary-expr","locations":[{"start":{"line":50,"column":21},"end":{"line":50,"column":49}},{"start":{"line":50,"column":53},"end":{"line":50,"column":72}}]},"7":{"line":64,"type":"switch","locations":[{"start":{"line":69,"column":4},"end":{"line":70,"column":14}},{"start":{"line":75,"column":4},"end":{"line":76,"column":14}}]},"8":{"line":85,"type":"switch","locations":[{"start":{"line":90,"column":4},"end":{"line":105,"column":14}},{"start":{"line":111,"column":4},"end":{"line":193,"column":14},"skip":true}]},"9":{"line":91,"type":"binary-expr","locations":[{"start":{"line":91,"column":42},"end":{"line":91,"column":73}},{"start":{"line":91,"column":77},"end":{"line":99,"column":9}}]},"10":{"line":102,"type":"binary-expr","locations":[{"start":{"line":102,"column":18},"end":{"line":102,"column":32}},{"start":{"line":103,"column":12},"end":{"line":103,"column":53}},{"start":{"line":104,"column":12},"end":{"line":104,"column":61}}]},"11":{"line":112,"type":"binary-expr","locations":[{"start":{"line":112,"column":45},"end":{"line":112,"column":79},"skip":true},{"start":{"line":112,"column":83},"end":{"line":121,"column":9},"skip":true}]},"12":{"line":123,"type":"binary-expr","locations":[{"start":{"line":123,"column":42},"end":{"line":123,"column":73},"skip":true},{"start":{"line":123,"column":77},"end":{"line":136,"column":9},"skip":true}]},"13":{"line":138,"type":"binary-expr","locations":[{"start":{"line":138,"column":48},"end":{"line":138,"column":85},"skip":true},{"start":{"line":139,"column":12},"end":{"line":145,"column":13},"skip":true}]},"14":{"line":147,"type":"binary-expr","locations":[{"start":{"line":147,"column":42},"end":{"line":147,"column":73},"skip":true},{"start":{"line":147,"column":77},"end":{"line":156,"column":9},"skip":true}]},"15":{"line":158,"type":"binary-expr","locations":[{"start":{"line":158,"column":45},"end":{"line":158,"column":79},"skip":true},{"start":{"line":158,"column":83},"end":{"line":167,"column":9},"skip":true}]},"16":{"line":169,"type":"binary-expr","locations":[{"start":{"line":169,"column":43},"end":{"line":169,"column":75},"skip":true},{"start":{"line":169,"column":79},"end":{"line":178,"column":9},"skip":true}]},"17":{"line":180,"type":"binary-expr","locations":[{"start":{"line":180,"column":41},"end":{"line":180,"column":71},"skip":true},{"start":{"line":180,"column":75},"end":{"line":189,"column":9},"skip":true}]}},"code":["/* istanbul instrument in package npmtest_memdb_server */","/*jslint","    bitwise: true,","    browser: true,","    maxerr: 8,","    maxlen: 96,","    node: true,","    nomen: true,","    regexp: true,","    stupid: true","*/","(function () {","    'use strict';","    var local;","","","","    // run shared js-env code - pre-init","    (function () {","        // init local","        local = {};","        // init modeJs","        local.modeJs = (function () {","            try {","                return typeof navigator.userAgent === 'string' &&","                    typeof document.querySelector('body') === 'object' &&","                    typeof XMLHttpRequest.prototype.open === 'function' &&","                    'browser';","            } catch (errorCaughtBrowser) {","                return module.exports &&","                    typeof process.versions.node === 'string' &&","                    typeof require('http').createServer === 'function' &&","                    'node';","            }","        }());","        // init global","        local.global = local.modeJs === 'browser'","            ? window","            : global;","        switch (local.modeJs) {","        // re-init local from window.local","        case 'browser':","            local = local.global.utility2.objectSetDefault(","                local.global.utility2_rollup || local.global.local,","                local.global.utility2","            );","            break;","        // re-init local from example.js","        case 'node':","            local = (local.global.utility2_rollup || require('utility2'))","                .requireReadme();","            break;","        }","        // export local","        local.global.local = local;","    }());","","","","    // run shared js-env code - function","    (function () {","        return;","    }());","    switch (local.modeJs) {","","","","    // run browser js-env code - function","    case 'browser':","        break;","","","","    // run node js-env code - function","    case 'node':","        break;","    }","","","","    // run shared js-env code - post-init","    (function () {","        return;","    }());","    switch (local.modeJs) {","","","","    // run browser js-env code - post-init","    case 'browser':","        local.testCase_browser_nullCase = local.testCase_browser_nullCase || function (","            options,","            onError","        ) {","        /*","         * this function will test browsers's null-case handling-behavior-behavior","         */","            onError(null, options);","        };","","        // run tests","        local.nop(local.modeTest &&","            document.querySelector('#testRunButton1') &&","            document.querySelector('#testRunButton1').click());","        break;","","","","    // run node js-env code - post-init","    /* istanbul ignore next */","    case 'node':","        local.testCase_buildApidoc_default = local.testCase_buildApidoc_default || function (","            options,","            onError","        ) {","        /*","         * this function will test buildApidoc's default handling-behavior-behavior","         */","            options = { modulePathList: module.paths };","            local.buildApidoc(options, onError);","        };","","        local.testCase_buildApp_default = local.testCase_buildApp_default || function (","            options,","            onError","        ) {","        /*","         * this function will test buildApp's default handling-behavior-behavior","         */","            local.testCase_buildReadme_default(options, local.onErrorThrow);","            local.testCase_buildLib_default(options, local.onErrorThrow);","            local.testCase_buildTest_default(options, local.onErrorThrow);","            local.testCase_buildCustomOrg_default(options, local.onErrorThrow);","            options = [];","            local.buildApp(options, onError);","        };","","        local.testCase_buildCustomOrg_default = local.testCase_buildCustomOrg_default ||","            function (options, onError) {","            /*","             * this function will test buildCustomOrg's default handling-behavior","             */","                options = {};","                local.buildCustomOrg(options, onError);","            };","","        local.testCase_buildLib_default = local.testCase_buildLib_default || function (","            options,","            onError","        ) {","        /*","         * this function will test buildLib's default handling-behavior","         */","            options = {};","            local.buildLib(options, onError);","        };","","        local.testCase_buildReadme_default = local.testCase_buildReadme_default || function (","            options,","            onError","        ) {","        /*","         * this function will test buildReadme's default handling-behavior-behavior","         */","            options = {};","            local.buildReadme(options, onError);","        };","","        local.testCase_buildTest_default = local.testCase_buildTest_default || function (","            options,","            onError","        ) {","        /*","         * this function will test buildTest's default handling-behavior","         */","            options = {};","            local.buildTest(options, onError);","        };","","        local.testCase_webpage_default = local.testCase_webpage_default || function (","            options,","            onError","        ) {","        /*","         * this function will test webpage's default handling-behavior","         */","            options = { modeCoverageMerge: true, url: local.serverLocalHost + '?modeTest=1' };","            local.browserTest(options, onError);","        };","","        // run test-server","        local.testRunServer(local);","        break;","    }","}());",""],"l":{"12":2,"14":2,"19":2,"21":2,"23":2,"24":2,"25":2,"30":1,"37":2,"40":2,"43":1,"47":1,"50":1,"52":1,"55":2,"61":2,"62":2,"64":2,"70":1,"76":1,"82":2,"83":2,"85":2,"91":1,"98":1,"102":1,"105":1,"112":1,"119":1,"120":1,"123":1,"130":1,"131":1,"132":1,"133":1,"134":1,"135":1,"138":1,"143":2,"144":2,"147":1,"154":2,"155":2,"158":1,"165":2,"166":2,"169":1,"176":2,"177":2,"180":1,"187":1,"188":1,"192":1,"193":1}},"/home/travis/build/npmtest/node-npmtest-memdb-server/lib.npmtest_memdb_server.js":{"path":"/home/travis/build/npmtest/node-npmtest-memdb-server/lib.npmtest_memdb_server.js","s":{"1":2,"2":2,"3":2,"4":2,"5":2,"6":2,"7":2,"8":1,"9":2,"10":2,"11":2,"12":2,"13":1,"14":1,"15":1,"16":1},"b":{"1":[2,1,1,1],"2":[1,1,1,1],"3":[1,1],"4":[2,2],"5":[1,1]},"f":{"1":2,"2":2,"3":2},"fnMap":{"1":{"name":"(anonymous_1)","line":12,"loc":{"start":{"line":12,"column":1},"end":{"line":12,"column":13}}},"2":{"name":"(anonymous_2)","line":19,"loc":{"start":{"line":19,"column":5},"end":{"line":19,"column":17}}},"3":{"name":"(anonymous_3)","line":23,"loc":{"start":{"line":23,"column":24},"end":{"line":23,"column":36}}}},"statementMap":{"1":{"start":{"line":12,"column":0},"end":{"line":53,"column":5}},"2":{"start":{"line":14,"column":4},"end":{"line":14,"column":14}},"3":{"start":{"line":19,"column":4},"end":{"line":52,"column":9}},"4":{"start":{"line":21,"column":8},"end":{"line":21,"column":19}},"5":{"start":{"line":23,"column":8},"end":{"line":35,"column":13}},"6":{"start":{"line":24,"column":12},"end":{"line":34,"column":13}},"7":{"start":{"line":25,"column":16},"end":{"line":28,"column":30}},"8":{"start":{"line":30,"column":16},"end":{"line":33,"column":27}},"9":{"start":{"line":37,"column":8},"end":{"line":39,"column":21}},"10":{"start":{"line":41,"column":8},"end":{"line":41,"column":54}},"11":{"start":{"line":43,"column":8},"end":{"line":43,"column":57}},"12":{"start":{"line":45,"column":8},"end":{"line":51,"column":9}},"13":{"start":{"line":46,"column":12},"end":{"line":46,"column":63}},"14":{"start":{"line":48,"column":12},"end":{"line":48,"column":35}},"15":{"start":{"line":49,"column":12},"end":{"line":49,"column":49}},"16":{"start":{"line":50,"column":12},"end":{"line":50,"column":43}}},"branchMap":{"1":{"line":25,"type":"binary-expr","locations":[{"start":{"line":25,"column":23},"end":{"line":25,"column":62}},{"start":{"line":26,"column":20},"end":{"line":26,"column":70}},{"start":{"line":27,"column":20},"end":{"line":27,"column":71}},{"start":{"line":28,"column":20},"end":{"line":28,"column":29}}]},"2":{"line":30,"type":"binary-expr","locations":[{"start":{"line":30,"column":23},"end":{"line":30,"column":37}},{"start":{"line":31,"column":20},"end":{"line":31,"column":61}},{"start":{"line":32,"column":20},"end":{"line":32,"column":70}},{"start":{"line":33,"column":20},"end":{"line":33,"column":26}}]},"3":{"line":37,"type":"cond-expr","locations":[{"start":{"line":38,"column":14},"end":{"line":38,"column":20}},{"start":{"line":39,"column":14},"end":{"line":39,"column":20}}]},"4":{"line":41,"type":"binary-expr","locations":[{"start":{"line":41,"column":16},"end":{"line":41,"column":44}},{"start":{"line":41,"column":48},"end":{"line":41,"column":53}}]},"5":{"line":45,"type":"if","locations":[{"start":{"line":45,"column":8},"end":{"line":45,"column":8}},{"start":{"line":45,"column":8},"end":{"line":45,"column":8}}]}},"code":["/* istanbul instrument in package npmtest_memdb_server */","/*jslint","    bitwise: true,","    browser: true,","    maxerr: 8,","    maxlen: 96,","    node: true,","    nomen: true,","    regexp: true,","    stupid: true","*/","(function () {","    'use strict';","    var local;","","","","    // run shared js-env code - pre-init","    (function () {","        // init local","        local = {};","        // init modeJs","        local.modeJs = (function () {","            try {","                return typeof navigator.userAgent === 'string' &&","                    typeof document.querySelector('body') === 'object' &&","                    typeof XMLHttpRequest.prototype.open === 'function' &&","                    'browser';","            } catch (errorCaughtBrowser) {","                return module.exports &&","                    typeof process.versions.node === 'string' &&","                    typeof require('http').createServer === 'function' &&","                    'node';","            }","        }());","        // init global","        local.global = local.modeJs === 'browser'","            ? window","            : global;","        // init utility2_rollup","        local = local.global.utility2_rollup || local;","        // init lib","        local.local = local.npmtest_memdb_server = local;","        // init exports","        if (local.modeJs === 'browser') {","            local.global.utility2_npmtest_memdb_server = local;","        } else {","            module.exports = local;","            module.exports.__dirname = __dirname;","            module.exports.module = module;","        }","    }());","}());",""],"l":{"12":2,"14":2,"19":2,"21":2,"23":2,"24":2,"25":2,"30":1,"37":2,"41":2,"43":2,"45":2,"46":1,"48":1,"49":1,"50":1}},"/home/travis/build/npmtest/node-npmtest-memdb-server/example.js":{"path":"/home/travis/build/npmtest/node-npmtest-memdb-server/example.js","s":{"1":2,"2":2,"3":2,"4":2,"5":2,"6":2,"7":2,"8":1,"9":2,"10":2,"11":2,"12":2,"13":1,"14":2,"15":2,"16":2,"17":2,"18":2,"19":0,"20":2,"21":1,"22":1,"23":1,"24":1,"25":1,"26":0,"27":0,"28":1,"29":1,"30":2,"31":0,"32":0,"33":0,"34":1,"35":2,"36":2,"37":3,"38":3,"39":3,"40":3,"41":0,"42":3,"43":3,"44":3,"45":1,"46":3,"47":1,"48":1,"49":1,"50":1,"51":1,"52":1,"53":1,"54":1,"55":1,"56":1,"57":0,"58":1,"59":6,"60":6,"61":1,"62":2,"63":0,"64":2,"65":1,"66":1,"67":0,"68":0,"69":0,"70":0,"71":0,"72":0,"73":0,"74":0,"75":0,"76":0,"77":0,"78":0,"79":0,"80":0,"81":0,"82":0,"83":0},"b":{"1":[2,1,1,1],"2":[1,1,1,1],"3":[1,1],"4":[2,2],"5":[1,1],"6":[1,1],"7":[2,0],"8":[2,1,1,1,1,1],"9":[0,2,0],"10":[1,1],"11":[2,1,1],"12":[1,0],"13":[0,2],"14":[2,0,0,0,0,0,0],"15":[0,3],"16":[3,0],"17":[1,1],"18":[0,1],"19":[1,2,0,2],"20":[1,0],"21":[1,1],"22":[0,0],"23":[0,0],"24":[0,0],"25":[0,0],"26":[0,0],"27":[0,0],"28":[0,0]},"f":{"1":2,"2":2,"3":2,"4":2,"5":2,"6":2,"7":3,"8":3,"9":3,"10":1,"11":6,"12":0},"fnMap":{"1":{"name":"(anonymous_1)","line":26,"loc":{"start":{"line":26,"column":1},"end":{"line":26,"column":13}}},"2":{"name":"(anonymous_2)","line":33,"loc":{"start":{"line":33,"column":5},"end":{"line":33,"column":17}}},"3":{"name":"(anonymous_3)","line":37,"loc":{"start":{"line":37,"column":24},"end":{"line":37,"column":36}}},"4":{"name":"(anonymous_4)","line":69,"loc":{"start":{"line":69,"column":31},"end":{"line":69,"column":48}},"skip":true},"5":{"name":"(anonymous_5)","line":78,"loc":{"start":{"line":78,"column":26},"end":{"line":78,"column":45}},"skip":true},"6":{"name":"(anonymous_6)","line":123,"loc":{"start":{"line":123,"column":33},"end":{"line":123,"column":48}},"skip":true},"7":{"name":"(anonymous_7)","line":125,"loc":{"start":{"line":125,"column":27},"end":{"line":125,"column":39}},"skip":true},"8":{"name":"(anonymous_8)","line":133,"loc":{"start":{"line":133,"column":59},"end":{"line":133,"column":74}},"skip":true},"9":{"name":"(anonymous_9)","line":143,"loc":{"start":{"line":143,"column":45},"end":{"line":143,"column":62}},"skip":true},"10":{"name":"(anonymous_10)","line":144,"loc":{"start":{"line":144,"column":73},"end":{"line":144,"column":92}},"skip":true},"11":{"name":"(anonymous_11)","line":272,"loc":{"start":{"line":272,"column":51},"end":{"line":272,"column":77}},"skip":true},"12":{"name":"(anonymous_12)","line":315,"loc":{"start":{"line":315,"column":32},"end":{"line":315,"column":61}},"skip":true}},"statementMap":{"1":{"start":{"line":26,"column":0},"end":{"line":326,"column":5}},"2":{"start":{"line":28,"column":4},"end":{"line":28,"column":14}},"3":{"start":{"line":33,"column":4},"end":{"line":60,"column":9}},"4":{"start":{"line":35,"column":8},"end":{"line":35,"column":19}},"5":{"start":{"line":37,"column":8},"end":{"line":49,"column":13}},"6":{"start":{"line":38,"column":12},"end":{"line":48,"column":13}},"7":{"start":{"line":39,"column":16},"end":{"line":42,"column":30}},"8":{"start":{"line":44,"column":16},"end":{"line":47,"column":27}},"9":{"start":{"line":51,"column":8},"end":{"line":53,"column":21}},"10":{"start":{"line":55,"column":8},"end":{"line":57,"column":45}},"11":{"start":{"line":59,"column":8},"end":{"line":59,"column":35}},"12":{"start":{"line":61,"column":4},"end":{"line":325,"column":5}},"13":{"start":{"line":69,"column":8},"end":{"line":121,"column":10},"skip":true},"14":{"start":{"line":70,"column":12},"end":{"line":88,"column":13},"skip":true},"15":{"start":{"line":76,"column":16},"end":{"line":87,"column":19},"skip":true},"16":{"start":{"line":79,"column":20},"end":{"line":86,"column":21},"skip":true},"17":{"start":{"line":82,"column":24},"end":{"line":82,"column":43},"skip":true},"18":{"start":{"line":83,"column":24},"end":{"line":83,"column":30},"skip":true},"19":{"start":{"line":85,"column":24},"end":{"line":85,"column":49},"skip":true},"20":{"start":{"line":89,"column":12},"end":{"line":107,"column":13},"skip":true},"21":{"start":{"line":92,"column":16},"end":{"line":102,"column":17},"skip":true},"22":{"start":{"line":93,"column":20},"end":{"line":93,"column":86},"skip":true},"23":{"start":{"line":94,"column":20},"end":{"line":95,"column":45},"skip":true},"24":{"start":{"line":96,"column":20},"end":{"line":96,"column":42},"skip":true},"25":{"start":{"line":97,"column":20},"end":{"line":97,"column":48},"skip":true},"26":{"start":{"line":100,"column":20},"end":{"line":100,"column":85},"skip":true},"27":{"start":{"line":101,"column":20},"end":{"line":101,"column":96},"skip":true},"28":{"start":{"line":103,"column":16},"end":{"line":103,"column":22},"skip":true},"29":{"start":{"line":106,"column":16},"end":{"line":106,"column":22},"skip":true},"30":{"start":{"line":108,"column":12},"end":{"line":120,"column":13},"skip":true},"31":{"start":{"line":114,"column":16},"end":{"line":119,"column":17},"skip":true},"32":{"start":{"line":116,"column":20},"end":{"line":116,"column":78},"skip":true},"33":{"start":{"line":118,"column":20},"end":{"line":118,"column":47},"skip":true},"34":{"start":{"line":123,"column":8},"end":{"line":141,"column":11},"skip":true},"35":{"start":{"line":124,"column":12},"end":{"line":124,"column":54},"skip":true},"36":{"start":{"line":125,"column":12},"end":{"line":140,"column":14},"skip":true},"37":{"start":{"line":126,"column":16},"end":{"line":126,"column":28},"skip":true},"38":{"start":{"line":127,"column":16},"end":{"line":127,"column":69},"skip":true},"39":{"start":{"line":128,"column":16},"end":{"line":128,"column":75},"skip":true},"40":{"start":{"line":129,"column":16},"end":{"line":131,"column":17},"skip":true},"41":{"start":{"line":130,"column":20},"end":{"line":130,"column":27},"skip":true},"42":{"start":{"line":133,"column":16},"end":{"line":137,"column":36},"skip":true},"43":{"start":{"line":134,"column":20},"end":{"line":136,"column":55},"skip":true},"44":{"start":{"line":139,"column":16},"end":{"line":139,"column":57},"skip":true},"45":{"start":{"line":143,"column":8},"end":{"line":147,"column":11},"skip":true},"46":{"start":{"line":144,"column":12},"end":{"line":146,"column":15},"skip":true},"47":{"start":{"line":145,"column":16},"end":{"line":145,"column":70},"skip":true},"48":{"start":{"line":149,"column":8},"end":{"line":149,"column":31},"skip":true},"49":{"start":{"line":150,"column":8},"end":{"line":150,"column":14},"skip":true},"50":{"start":{"line":158,"column":8},"end":{"line":158,"column":31},"skip":true},"51":{"start":{"line":160,"column":8},"end":{"line":160,"column":33},"skip":true},"52":{"start":{"line":161,"column":8},"end":{"line":161,"column":37},"skip":true},"53":{"start":{"line":162,"column":8},"end":{"line":162,"column":35},"skip":true},"54":{"start":{"line":164,"column":8},"end":{"line":164,"column":50},"skip":true},"55":{"start":{"line":166,"column":8},"end":{"line":256,"column":2},"skip":true},"56":{"start":{"line":258,"column":8},"end":{"line":286,"column":9},"skip":true},"57":{"start":{"line":259,"column":12},"end":{"line":269,"column":14},"skip":true},"58":{"start":{"line":271,"column":12},"end":{"line":285,"column":19},"skip":true},"59":{"start":{"line":274,"column":20},"end":{"line":274,"column":35},"skip":true},"60":{"start":{"line":275,"column":20},"end":{"line":284,"column":21},"skip":true},"61":{"start":{"line":277,"column":24},"end":{"line":277,"column":64},"skip":true},"62":{"start":{"line":279,"column":24},"end":{"line":279,"column":40},"skip":true},"63":{"start":{"line":281,"column":24},"end":{"line":281,"column":40},"skip":true},"64":{"start":{"line":283,"column":24},"end":{"line":283,"column":39},"skip":true},"65":{"start":{"line":288,"column":8},"end":{"line":290,"column":9},"skip":true},"66":{"start":{"line":289,"column":12},"end":{"line":289,"column":18},"skip":true},"67":{"start":{"line":291,"column":8},"end":{"line":293,"column":54},"skip":true},"68":{"start":{"line":296,"column":8},"end":{"line":301,"column":37},"skip":true},"69":{"start":{"line":303,"column":8},"end":{"line":303,"column":82},"skip":true},"70":{"start":{"line":306,"column":8},"end":{"line":308,"column":9},"skip":true},"71":{"start":{"line":307,"column":12},"end":{"line":307,"column":82},"skip":true},"72":{"start":{"line":310,"column":8},"end":{"line":312,"column":9},"skip":true},"73":{"start":{"line":311,"column":12},"end":{"line":311,"column":18},"skip":true},"74":{"start":{"line":313,"column":8},"end":{"line":313,"column":54},"skip":true},"75":{"start":{"line":314,"column":8},"end":{"line":314,"column":69},"skip":true},"76":{"start":{"line":315,"column":8},"end":{"line":323,"column":36},"skip":true},"77":{"start":{"line":316,"column":12},"end":{"line":316,"column":61},"skip":true},"78":{"start":{"line":317,"column":12},"end":{"line":320,"column":13},"skip":true},"79":{"start":{"line":318,"column":16},"end":{"line":318,"column":75},"skip":true},"80":{"start":{"line":319,"column":16},"end":{"line":319,"column":23},"skip":true},"81":{"start":{"line":321,"column":12},"end":{"line":321,"column":38},"skip":true},"82":{"start":{"line":322,"column":12},"end":{"line":322,"column":27},"skip":true},"83":{"start":{"line":324,"column":8},"end":{"line":324,"column":14},"skip":true}},"branchMap":{"1":{"line":39,"type":"binary-expr","locations":[{"start":{"line":39,"column":23},"end":{"line":39,"column":62}},{"start":{"line":40,"column":20},"end":{"line":40,"column":70}},{"start":{"line":41,"column":20},"end":{"line":41,"column":71}},{"start":{"line":42,"column":20},"end":{"line":42,"column":29}}]},"2":{"line":44,"type":"binary-expr","locations":[{"start":{"line":44,"column":23},"end":{"line":44,"column":37}},{"start":{"line":45,"column":20},"end":{"line":45,"column":61}},{"start":{"line":46,"column":20},"end":{"line":46,"column":70}},{"start":{"line":47,"column":20},"end":{"line":47,"column":26}}]},"3":{"line":51,"type":"cond-expr","locations":[{"start":{"line":52,"column":14},"end":{"line":52,"column":20}},{"start":{"line":53,"column":14},"end":{"line":53,"column":20}}]},"4":{"line":55,"type":"binary-expr","locations":[{"start":{"line":55,"column":16},"end":{"line":55,"column":44}},{"start":{"line":55,"column":49},"end":{"line":57,"column":43}}]},"5":{"line":55,"type":"cond-expr","locations":[{"start":{"line":56,"column":14},"end":{"line":56,"column":56}},{"start":{"line":57,"column":14},"end":{"line":57,"column":43}}]},"6":{"line":61,"type":"switch","locations":[{"start":{"line":68,"column":4},"end":{"line":150,"column":14},"skip":true},{"start":{"line":156,"column":4},"end":{"line":324,"column":14},"skip":true}]},"7":{"line":70,"type":"if","locations":[{"start":{"line":70,"column":12},"end":{"line":70,"column":12},"skip":true},{"start":{"line":70,"column":12},"end":{"line":70,"column":12},"skip":true}]},"8":{"line":70,"type":"binary-expr","locations":[{"start":{"line":70,"column":16},"end":{"line":70,"column":22},"skip":true},{"start":{"line":70,"column":27},"end":{"line":70,"column":32},"skip":true},{"start":{"line":71,"column":20},"end":{"line":71,"column":39},"skip":true},{"start":{"line":72,"column":20},"end":{"line":72,"column":49},"skip":true},{"start":{"line":73,"column":20},"end":{"line":73,"column":58},"skip":true},{"start":{"line":74,"column":20},"end":{"line":74,"column":69},"skip":true}]},"9":{"line":79,"type":"switch","locations":[{"start":{"line":80,"column":20},"end":{"line":80,"column":33},"skip":true},{"start":{"line":81,"column":20},"end":{"line":83,"column":30},"skip":true},{"start":{"line":84,"column":20},"end":{"line":85,"column":49},"skip":true}]},"10":{"line":89,"type":"switch","locations":[{"start":{"line":90,"column":12},"end":{"line":103,"column":22},"skip":true},{"start":{"line":105,"column":12},"end":{"line":106,"column":22},"skip":true}]},"11":{"line":89,"type":"binary-expr","locations":[{"start":{"line":89,"column":20},"end":{"line":89,"column":25},"skip":true},{"start":{"line":89,"column":29},"end":{"line":89,"column":48},"skip":true},{"start":{"line":89,"column":52},"end":{"line":89,"column":74},"skip":true}]},"12":{"line":92,"type":"if","locations":[{"start":{"line":92,"column":16},"end":{"line":92,"column":16},"skip":true},{"start":{"line":92,"column":16},"end":{"line":92,"column":16},"skip":true}]},"13":{"line":108,"type":"if","locations":[{"start":{"line":108,"column":12},"end":{"line":108,"column":12},"skip":true},{"start":{"line":108,"column":12},"end":{"line":108,"column":12},"skip":true}]},"14":{"line":108,"type":"binary-expr","locations":[{"start":{"line":108,"column":16},"end":{"line":108,"column":61},"skip":true},{"start":{"line":108,"column":66},"end":{"line":108,"column":72},"skip":true},{"start":{"line":108,"column":77},"end":{"line":108,"column":82},"skip":true},{"start":{"line":109,"column":20},"end":{"line":109,"column":39},"skip":true},{"start":{"line":110,"column":20},"end":{"line":110,"column":49},"skip":true},{"start":{"line":111,"column":20},"end":{"line":111,"column":58},"skip":true},{"start":{"line":112,"column":20},"end":{"line":112,"column":68},"skip":true}]},"15":{"line":129,"type":"if","locations":[{"start":{"line":129,"column":16},"end":{"line":129,"column":16},"skip":true},{"start":{"line":129,"column":16},"end":{"line":129,"column":16},"skip":true}]},"16":{"line":134,"type":"cond-expr","locations":[{"start":{"line":135,"column":26},"end":{"line":135,"column":29},"skip":true},{"start":{"line":136,"column":26},"end":{"line":136,"column":54},"skip":true}]},"17":{"line":164,"type":"binary-expr","locations":[{"start":{"line":164,"column":27},"end":{"line":164,"column":43},"skip":true},{"start":{"line":164,"column":47},"end":{"line":164,"column":49},"skip":true}]},"18":{"line":258,"type":"if","locations":[{"start":{"line":258,"column":8},"end":{"line":258,"column":8},"skip":true},{"start":{"line":258,"column":8},"end":{"line":258,"column":8},"skip":true}]},"19":{"line":275,"type":"switch","locations":[{"start":{"line":276,"column":20},"end":{"line":277,"column":64},"skip":true},{"start":{"line":278,"column":20},"end":{"line":279,"column":40},"skip":true},{"start":{"line":280,"column":20},"end":{"line":281,"column":40},"skip":true},{"start":{"line":282,"column":20},"end":{"line":283,"column":39},"skip":true}]},"20":{"line":288,"type":"if","locations":[{"start":{"line":288,"column":8},"end":{"line":288,"column":8},"skip":true},{"start":{"line":288,"column":8},"end":{"line":288,"column":8},"skip":true}]},"21":{"line":288,"type":"binary-expr","locations":[{"start":{"line":288,"column":12},"end":{"line":288,"column":40},"skip":true},{"start":{"line":288,"column":44},"end":{"line":288,"column":67},"skip":true}]},"22":{"line":292,"type":"binary-expr","locations":[{"start":{"line":292,"column":12},"end":{"line":292,"column":50},"skip":true},{"start":{"line":293,"column":12},"end":{"line":293,"column":53},"skip":true}]},"23":{"line":297,"type":"binary-expr","locations":[{"start":{"line":297,"column":12},"end":{"line":297,"column":70},"skip":true},{"start":{"line":298,"column":12},"end":{"line":301,"column":36},"skip":true}]},"24":{"line":303,"type":"binary-expr","locations":[{"start":{"line":303,"column":43},"end":{"line":303,"column":75},"skip":true},{"start":{"line":303,"column":79},"end":{"line":303,"column":81},"skip":true}]},"25":{"line":306,"type":"if","locations":[{"start":{"line":306,"column":8},"end":{"line":306,"column":8},"skip":true},{"start":{"line":306,"column":8},"end":{"line":306,"column":8},"skip":true}]},"26":{"line":310,"type":"if","locations":[{"start":{"line":310,"column":8},"end":{"line":310,"column":8},"skip":true},{"start":{"line":310,"column":8},"end":{"line":310,"column":8},"skip":true}]},"27":{"line":313,"type":"binary-expr","locations":[{"start":{"line":313,"column":27},"end":{"line":313,"column":43},"skip":true},{"start":{"line":313,"column":47},"end":{"line":313,"column":53},"skip":true}]},"28":{"line":317,"type":"if","locations":[{"start":{"line":317,"column":12},"end":{"line":317,"column":12},"skip":true},{"start":{"line":317,"column":12},"end":{"line":317,"column":12},"skip":true}]}},"code":["/*","example.js","","quickstart example","","instruction","    1. save this script as example.js","    2. run the shell command:","        $ npm install npmtest-memdb-server && PORT=8081 node example.js","    3. play with the browser-demo on http://127.0.0.1:8081","*/","","","","/* istanbul instrument in package npmtest_memdb_server */","/*jslint","    bitwise: true,","    browser: true,","    maxerr: 8,","    maxlen: 96,","    node: true,","    nomen: true,","    regexp: true,","    stupid: true","*/","(function () {","    'use strict';","    var local;","","","","    // run shared js-env code - pre-init","    (function () {","        // init local","        local = {};","        // init modeJs","        local.modeJs = (function () {","            try {","                return typeof navigator.userAgent === 'string' &&","                    typeof document.querySelector('body') === 'object' &&","                    typeof XMLHttpRequest.prototype.open === 'function' &&","                    'browser';","            } catch (errorCaughtBrowser) {","                return module.exports &&","                    typeof process.versions.node === 'string' &&","                    typeof require('http').createServer === 'function' &&","                    'node';","            }","        }());","        // init global","        local.global = local.modeJs === 'browser'","            ? window","            : global;","        // init utility2_rollup","        local = local.global.utility2_rollup || (local.modeJs === 'browser'","            ? local.global.utility2_npmtest_memdb_server","            : global.utility2_moduleExports);","        // export local","        local.global.local = local;","    }());","    switch (local.modeJs) {","","","","    // post-init","    // run browser js-env code - post-init","    /* istanbul ignore next */","    case 'browser':","        local.testRunBrowser = function (event) {","            if (!event || (event &&","                    event.currentTarget &&","                    event.currentTarget.className &&","                    event.currentTarget.className.includes &&","                    event.currentTarget.className.includes('onreset'))) {","                // reset output","                Array.from(","                    document.querySelectorAll('body > .resettable')","                ).forEach(function (element) {","                    switch (element.tagName) {","                    case 'INPUT':","                    case 'TEXTAREA':","                        element.value = '';","                        break;","                    default:","                        element.textContent = '';","                    }","                });","            }","            switch (event && event.currentTarget && event.currentTarget.id) {","            case 'testRunButton1':","                // show tests","                if (document.querySelector('#testReportDiv1').style.display === 'none') {","                    document.querySelector('#testReportDiv1').style.display = 'block';","                    document.querySelector('#testRunButton1').textContent =","                        'hide internal test';","                    local.modeTest = true;","                    local.testRunDefault(local);","                // hide tests","                } else {","                    document.querySelector('#testReportDiv1').style.display = 'none';","                    document.querySelector('#testRunButton1').textContent = 'run internal test';","                }","                break;","            // custom-case","            default:","                break;","            }","            if (document.querySelector('#inputTextareaEval1') && (!event || (event &&","                    event.currentTarget &&","                    event.currentTarget.className &&","                    event.currentTarget.className.includes &&","                    event.currentTarget.className.includes('oneval')))) {","                // try to eval input-code","                try {","                    /*jslint evil: true*/","                    eval(document.querySelector('#inputTextareaEval1').value);","                } catch (errorCaught) {","                    console.error(errorCaught);","                }","            }","        };","        // log stderr and stdout to #outputTextareaStdout1","        ['error', 'log'].forEach(function (key) {","            console[key + '_original'] = console[key];","            console[key] = function () {","                var element;","                console[key + '_original'].apply(console, arguments);","                element = document.querySelector('#outputTextareaStdout1');","                if (!element) {","                    return;","                }","                // append text to #outputTextareaStdout1","                element.value += Array.from(arguments).map(function (arg) {","                    return typeof arg === 'string'","                        ? arg","                        : JSON.stringify(arg, null, 4);","                }).join(' ') + '\\n';","                // scroll textarea to bottom","                element.scrollTop = element.scrollHeight;","            };","        });","        // init event-handling","        ['change', 'click', 'keyup'].forEach(function (event) {","            Array.from(document.querySelectorAll('.on' + event)).forEach(function (element) {","                element.addEventListener(event, local.testRunBrowser);","            });","        });","        // run tests","        local.testRunBrowser();","        break;","","","","    // run node js-env code - post-init","    /* istanbul ignore next */","    case 'node':","        // export local","        module.exports = local;","        // require modules","        local.fs = require('fs');","        local.http = require('http');","        local.url = require('url');","        // init assets","        local.assetsDict = local.assetsDict || {};","        /* jslint-ignore-begin */","        local.assetsDict['/assets.index.template.html'] = '\\","<!doctype html>\\n\\","<html lang=\"en\">\\n\\","<head>\\n\\","<meta charset=\"UTF-8\">\\n\\","<meta name=\"viewport\" content=\"width=device-width, initial-scale=1\">\\n\\","<title>{{env.npm_package_name}} (v{{env.npm_package_version}})</title>\\n\\","<style>\\n\\","/*csslint\\n\\","    box-sizing: false,\\n\\","    universal-selector: false\\n\\","*/\\n\\","* {\\n\\","    box-sizing: border-box;\\n\\","}\\n\\","body {\\n\\","    background: #dde;\\n\\","    font-family: Arial, Helvetica, sans-serif;\\n\\","    margin: 2rem;\\n\\","}\\n\\","body > * {\\n\\","    margin-bottom: 1rem;\\n\\","}\\n\\",".utility2FooterDiv {\\n\\","    margin-top: 20px;\\n\\","    text-align: center;\\n\\","}\\n\\","</style>\\n\\","<style>\\n\\","/*csslint\\n\\","*/\\n\\","textarea {\\n\\","    font-family: monospace;\\n\\","    height: 10rem;\\n\\","    width: 100%;\\n\\","}\\n\\","textarea[readonly] {\\n\\","    background: #ddd;\\n\\","}\\n\\","</style>\\n\\","</head>\\n\\","<body>\\n\\","<!-- utility2-comment\\n\\","<div id=\"ajaxProgressDiv1\" style=\"background: #d00; height: 2px; left: 0; margin: 0; padding: 0; position: fixed; top: 0; transition: background 0.5s, width 1.5s; width: 25%;\"></div>\\n\\","utility2-comment -->\\n\\","<h1>\\n\\","<!-- utility2-comment\\n\\","    <a\\n\\","        {{#if env.npm_package_homepage}}\\n\\","        href=\"{{env.npm_package_homepage}}\"\\n\\","        {{/if env.npm_package_homepage}}\\n\\","        target=\"_blank\"\\n\\","    >\\n\\","utility2-comment -->\\n\\","        {{env.npm_package_name}} (v{{env.npm_package_version}})\\n\\","<!-- utility2-comment\\n\\","    </a>\\n\\","utility2-comment -->\\n\\","</h1>\\n\\","<h3>{{env.npm_package_description}}</h3>\\n\\","<!-- utility2-comment\\n\\","<h4><a download href=\"assets.app.js\">download standalone app</a></h4>\\n\\","<button class=\"onclick onreset\" id=\"testRunButton1\">run internal test</button><br>\\n\\","<div id=\"testReportDiv1\" style=\"display: none;\"></div>\\n\\","utility2-comment -->\\n\\","\\n\\","\\n\\","\\n\\","<label>stderr and stdout</label>\\n\\","<textarea class=\"resettable\" id=\"outputTextareaStdout1\" readonly></textarea>\\n\\","<!-- utility2-comment\\n\\","{{#if isRollup}}\\n\\","<script src=\"assets.app.js\"></script>\\n\\","{{#unless isRollup}}\\n\\","utility2-comment -->\\n\\","<script src=\"assets.utility2.rollup.js\"></script>\\n\\","<script src=\"jsonp.utility2._stateInit?callback=window.utility2._stateInit\"></script>\\n\\","<script src=\"assets.npmtest_memdb_server.rollup.js\"></script>\\n\\","<script src=\"assets.example.js\"></script>\\n\\","<script src=\"assets.test.js\"></script>\\n\\","<!-- utility2-comment\\n\\","{{/if isRollup}}\\n\\","utility2-comment -->\\n\\","<div class=\"utility2FooterDiv\">\\n\\","    [ this app was created with\\n\\","    <a href=\"https://github.com/kaizhu256/node-utility2\" target=\"_blank\">utility2</a>\\n\\","    ]\\n\\","</div>\\n\\","</body>\\n\\","</html>\\n\\","';","        /* jslint-ignore-end */","        if (local.templateRender) {","            local.assetsDict['/'] = local.templateRender(","                local.assetsDict['/assets.index.template.html'],","                {","                    env: local.objectSetDefault(local.env, {","                        npm_package_description: 'the greatest app in the world!',","                        npm_package_name: 'my-app',","                        npm_package_nameAlias: 'my_app',","                        npm_package_version: '0.0.1'","                    })","                }","            );","        } else {","            local.assetsDict['/'] = local.assetsDict['/assets.index.template.html']","                .replace((/\\{\\{env\\.(\\w+?)\\}\\}/g), function (match0, match1) {","                    // jslint-hack","                    String(match0);","                    switch (match1) {","                    case 'npm_package_description':","                        return 'the greatest app in the world!';","                    case 'npm_package_name':","                        return 'my-app';","                    case 'npm_package_nameAlias':","                        return 'my_app';","                    case 'npm_package_version':","                        return '0.0.1';","                    }","                });","        }","        // run the cli","        if (local.global.utility2_rollup || module !== require.main) {","            break;","        }","        local.assetsDict['/assets.example.js'] =","            local.assetsDict['/assets.example.js'] ||","            local.fs.readFileSync(__filename, 'utf8');","        // bug-workaround - long $npm_package_buildCustomOrg","        /* jslint-ignore-begin */","        local.assetsDict['/assets.npmtest_memdb_server.rollup.js'] =","            local.assetsDict['/assets.npmtest_memdb_server.rollup.js'] ||","            local.fs.readFileSync(","                local.npmtest_memdb_server.__dirname + '/lib.npmtest_memdb_server.js',","                'utf8'","            ).replace((/^#!/), '//');","        /* jslint-ignore-end */","        local.assetsDict['/favicon.ico'] = local.assetsDict['/favicon.ico'] || '';","        // if $npm_config_timeout_exit exists,","        // then exit this process after $npm_config_timeout_exit ms","        if (Number(process.env.npm_config_timeout_exit)) {","            setTimeout(process.exit, Number(process.env.npm_config_timeout_exit));","        }","        // start server","        if (local.global.utility2_serverHttp1) {","            break;","        }","        process.env.PORT = process.env.PORT || '8081';","        console.error('server starting on port ' + process.env.PORT);","        local.http.createServer(function (request, response) {","            request.urlParsed = local.url.parse(request.url);","            if (local.assetsDict[request.urlParsed.pathname] !== undefined) {","                response.end(local.assetsDict[request.urlParsed.pathname]);","                return;","            }","            response.statusCode = 404;","            response.end();","        }).listen(process.env.PORT);","        break;","    }","}());",""],"l":{"26":2,"28":2,"33":2,"35":2,"37":2,"38":2,"39":2,"44":1,"51":2,"55":2,"59":2,"61":2,"69":1,"70":2,"76":2,"79":2,"82":2,"83":2,"85":1,"89":2,"92":1,"93":1,"94":1,"96":1,"97":1,"100":1,"101":1,"103":1,"106":1,"108":2,"114":1,"116":1,"118":1,"123":1,"124":2,"125":2,"126":3,"127":3,"128":3,"129":3,"130":1,"133":3,"134":3,"139":3,"143":1,"144":3,"145":1,"149":1,"150":1,"158":1,"160":1,"161":1,"162":1,"164":1,"166":1,"258":1,"259":1,"271":1,"274":6,"275":6,"277":1,"279":2,"281":1,"283":2,"288":1,"289":1,"291":1,"296":1,"303":1,"306":1,"307":1,"310":1,"311":1,"313":1,"314":1,"315":1,"316":1,"317":1,"318":1,"319":1,"321":1,"322":1,"324":1}},"/home/travis/build/npmtest/node-npmtest-memdb-server/node_modules/memdb-server/index.js":{"path":"/home/travis/build/npmtest/node-npmtest-memdb-server/node_modules/memdb-server/index.js","s":{"1":1},"b":{},"f":{},"fnMap":{},"statementMap":{"1":{"start":{"line":17,"column":0},"end":{"line":17,"column":34}}},"branchMap":{},"code":["// Copyright 2015 The MemDB Authors.","//","// Licensed under the Apache License, Version 2.0 (the \"License\");","// you may not use this file except in compliance with the License.","// You may obtain a copy of the License at","//","//     http://www.apache.org/licenses/LICENSE-2.0","//","// Unless required by applicable law or agreed to in writing, software","// distributed under the License is distributed on an \"AS IS\" BASIS,","// WITHOUT WARRANTIES OR CONDITIONS OF ANY KIND, either express or","// implied. See the License for the specific language governing","// permissions and limitations under the License. See the AUTHORS file","// for names of contributors.","","'use strict';","module.exports = require('./lib');",""],"l":{"17":1}},"/home/travis/build/npmtest/node-npmtest-memdb-server/node_modules/memdb-server/lib/index.js":{"path":"/home/travis/build/npmtest/node-npmtest-memdb-server/node_modules/memdb-server/lib/index.js","s":{"1":1,"2":1,"3":1,"4":1,"5":0,"6":0,"7":0,"8":1,"9":0,"10":0,"11":1,"12":0,"13":0,"14":0,"15":0,"16":0,"17":0,"18":0,"19":0,"20":0,"21":0,"22":0,"23":1,"24":0,"25":1,"26":0,"27":1,"28":0},"b":{},"f":{"1":0,"2":0,"3":0,"4":0,"5":0,"6":0,"7":0,"8":0,"9":0,"10":0,"11":0},"fnMap":{"1":{"name":"(anonymous_1)","line":22,"loc":{"start":{"line":22,"column":18},"end":{"line":22,"column":32}}},"2":{"name":"(anonymous_2)","line":24,"loc":{"start":{"line":24,"column":17},"end":{"line":24,"column":27}}},"3":{"name":"(anonymous_3)","line":30,"loc":{"start":{"line":30,"column":22},"end":{"line":30,"column":36}}},"4":{"name":"(anonymous_4)","line":35,"loc":{"start":{"line":35,"column":25},"end":{"line":35,"column":42}}},"5":{"name":"(anonymous_5)","line":38,"loc":{"start":{"line":38,"column":10},"end":{"line":38,"column":22}}},"6":{"name":"(anonymous_6)","line":40,"loc":{"start":{"line":40,"column":24},"end":{"line":40,"column":34}}},"7":{"name":"(anonymous_7)","line":44,"loc":{"start":{"line":44,"column":36},"end":{"line":44,"column":52}}},"8":{"name":"(anonymous_8)","line":45,"loc":{"start":{"line":45,"column":31},"end":{"line":45,"column":41}}},"9":{"name":"(anonymous_9)","line":56,"loc":{"start":{"line":56,"column":10},"end":{"line":56,"column":20}}},"10":{"name":"(anonymous_10)","line":62,"loc":{"start":{"line":62,"column":10},"end":{"line":62,"column":20}}},"11":{"name":"(anonymous_11)","line":68,"loc":{"start":{"line":68,"column":10},"end":{"line":68,"column":20}}}},"statementMap":{"1":{"start":{"line":18,"column":0},"end":{"line":18,"column":28}},"2":{"start":{"line":19,"column":0},"end":{"line":19,"column":41}},"3":{"start":{"line":20,"column":0},"end":{"line":20,"column":49}},"4":{"start":{"line":22,"column":0},"end":{"line":28,"column":2}},"5":{"start":{"line":23,"column":4},"end":{"line":23,"column":36}},"6":{"start":{"line":24,"column":4},"end":{"line":27,"column":22}},"7":{"start":{"line":25,"column":8},"end":{"line":25,"column":30}},"8":{"start":{"line":30,"column":0},"end":{"line":33,"column":2}},"9":{"start":{"line":31,"column":4},"end":{"line":31,"column":40}},"10":{"start":{"line":32,"column":4},"end":{"line":32,"column":27}},"11":{"start":{"line":35,"column":0},"end":{"line":53,"column":2}},"12":{"start":{"line":36,"column":4},"end":{"line":36,"column":53}},"13":{"start":{"line":37,"column":4},"end":{"line":52,"column":7}},"14":{"start":{"line":39,"column":8},"end":{"line":39,"column":42}},"15":{"start":{"line":40,"column":8},"end":{"line":50,"column":10}},"16":{"start":{"line":41,"column":12},"end":{"line":41,"column":58}},"17":{"start":{"line":42,"column":12},"end":{"line":43,"column":113}},"18":{"start":{"line":44,"column":12},"end":{"line":48,"column":15}},"19":{"start":{"line":45,"column":16},"end":{"line":47,"column":18}},"20":{"start":{"line":46,"column":20},"end":{"line":46,"column":69}},"21":{"start":{"line":49,"column":12},"end":{"line":49,"column":24}},"22":{"start":{"line":51,"column":8},"end":{"line":51,"column":18}},"23":{"start":{"line":55,"column":0},"end":{"line":59,"column":3}},"24":{"start":{"line":57,"column":8},"end":{"line":57,"column":37}},"25":{"start":{"line":61,"column":0},"end":{"line":65,"column":3}},"26":{"start":{"line":63,"column":8},"end":{"line":63,"column":39}},"27":{"start":{"line":67,"column":0},"end":{"line":71,"column":3}},"28":{"start":{"line":69,"column":8},"end":{"line":69,"column":35}}},"branchMap":{},"code":["// Copyright 2015 The MemDB Authors.","//","// Licensed under the Apache License, Version 2.0 (the \"License\");","// you may not use this file except in compliance with the License.","// You may obtain a copy of the License at","//","//     http://www.apache.org/licenses/LICENSE-2.0","//","// Unless required by applicable law or agreed to in writing, software","// distributed under the License is distributed on an \"AS IS\" BASIS,","// WITHOUT WARRANTIES OR CONDITIONS OF ANY KIND, either express or","// implied. See the License for the specific language governing","// permissions and limitations under the License. See the AUTHORS file","// for names of contributors.","","'use strict';","","var P = require('bluebird');","var Connection = require('./connection');","var AutoConnection = require('./autoconnection');","","exports.connect = function(opts){","    var conn = new Connection(opts);","    return P.try(function(){","        return conn.connect();","    })","    .thenReturn(conn);","};","","exports.autoConnect = function(opts){","    var conn = new AutoConnection(opts);","    return P.resolve(conn);","};","","exports.connectBackend = function(backend){","    var mongodb = P.promisifyAll(require('mongodb'));","    return P.promisify(mongodb.MongoClient.connect)(backend.url, backend.options)","    .then(function(db){","        var getCollection = db.collection;","        db.collection = function(){","            var coll = getCollection.apply(db, arguments);","            var disabledMethods = ['createIndex', 'drop', 'dropIndex', 'dropIndexes', 'ensureIndex',","            'findAndModify', 'getCollection', 'getDB', 'insert', 'remove', 'renameCollection', 'save', 'update'];","            disabledMethods.forEach(function(method){","                coll[method] = function(){","                    throw new Error('write to backend is forbidden');","                };","            });","            return coll;","        };","        return db;","    });","};","","Object.defineProperty(exports, 'goose', {","    get : function(){","        return require('./mdbgoose');","    },","});","","Object.defineProperty(exports, 'logger', {","    get : function(){","        return require('memdb-logger');","    },","});","","Object.defineProperty(exports, 'Promise', {","    get : function(){","        return require('bluebird');","    },","});",""],"l":{"18":1,"19":1,"20":1,"22":1,"23":0,"24":0,"25":0,"30":1,"31":0,"32":0,"35":1,"36":0,"37":0,"39":0,"40":0,"41":0,"42":0,"44":0,"45":0,"46":0,"49":0,"51":0,"55":1,"57":0,"61":1,"63":0,"67":1,"69":0}},"/home/travis/build/npmtest/node-npmtest-memdb-server/node_modules/memdb-server/lib/connection.js":{"path":"/home/travis/build/npmtest/node-npmtest-memdb-server/node_modules/memdb-server/lib/connection.js","s":{"1":1,"2":1,"3":1,"4":1,"5":1,"6":1,"7":1,"8":0,"9":0,"10":0,"11":0,"12":0,"13":0,"14":1,"15":1,"16":1,"17":0,"18":0,"19":0,"20":0,"21":0,"22":0,"23":0,"24":0,"25":0,"26":0,"27":0,"28":1,"29":0,"30":0,"31":0,"32":0,"33":0,"34":1,"35":0,"36":0,"37":0,"38":0,"39":1,"40":0,"41":0,"42":0,"43":0,"44":0,"45":0,"46":0,"47":0,"48":0,"49":1,"50":19,"51":0,"52":0,"53":0,"54":0,"55":1},"b":{"1":[0,0],"2":[0,0],"3":[0,0],"4":[0,0],"5":[0,0]},"f":{"1":0,"2":0,"3":0,"4":0,"5":0,"6":0,"7":0,"8":0,"9":0,"10":0,"11":0,"12":0,"13":19,"14":0},"fnMap":{"1":{"name":"(anonymous_1)","line":25,"loc":{"start":{"line":25,"column":17},"end":{"line":25,"column":31}}},"2":{"name":"(anonymous_2)","line":40,"loc":{"start":{"line":40,"column":16},"end":{"line":40,"column":26}}},"3":{"name":"(anonymous_3)","line":47,"loc":{"start":{"line":47,"column":10},"end":{"line":47,"column":20}}},"4":{"name":"(anonymous_4)","line":50,"loc":{"start":{"line":50,"column":10},"end":{"line":50,"column":26}}},"5":{"name":"(anonymous_5)","line":56,"loc":{"start":{"line":56,"column":10},"end":{"line":56,"column":23}}},"6":{"name":"(anonymous_6)","line":64,"loc":{"start":{"line":64,"column":14},"end":{"line":64,"column":24}}},"7":{"name":"(anonymous_7)","line":69,"loc":{"start":{"line":69,"column":10},"end":{"line":69,"column":20}}},"8":{"name":"(anonymous_8)","line":72,"loc":{"start":{"line":72,"column":10},"end":{"line":72,"column":20}}},"9":{"name":"(anonymous_9)","line":77,"loc":{"start":{"line":77,"column":15},"end":{"line":77,"column":25}}},"10":{"name":"(anonymous_10)","line":85,"loc":{"start":{"line":85,"column":19},"end":{"line":85,"column":33}}},"11":{"name":"(anonymous_11)","line":90,"loc":{"start":{"line":90,"column":35},"end":{"line":90,"column":51}}},"12":{"name":"(anonymous_12)","line":91,"loc":{"start":{"line":91,"column":33},"end":{"line":91,"column":43}}},"13":{"name":"(anonymous_13)","line":102,"loc":{"start":{"line":102,"column":54},"end":{"line":102,"column":70}}},"14":{"name":"(anonymous_14)","line":103,"loc":{"start":{"line":103,"column":20},"end":{"line":103,"column":30}}}},"statementMap":{"1":{"start":{"line":18,"column":0},"end":{"line":18,"column":28}},"2":{"start":{"line":19,"column":0},"end":{"line":19,"column":50}},"3":{"start":{"line":20,"column":0},"end":{"line":20,"column":27}},"4":{"start":{"line":21,"column":0},"end":{"line":21,"column":41}},"5":{"start":{"line":22,"column":0},"end":{"line":22,"column":33}},"6":{"start":{"line":23,"column":0},"end":{"line":23,"column":75}},"7":{"start":{"line":25,"column":0},"end":{"line":34,"column":2}},"8":{"start":{"line":26,"column":4},"end":{"line":26,"column":28}},"9":{"start":{"line":28,"column":4},"end":{"line":28,"column":22}},"10":{"start":{"line":29,"column":4},"end":{"line":29,"column":23}},"11":{"start":{"line":30,"column":4},"end":{"line":30,"column":24}},"12":{"start":{"line":31,"column":4},"end":{"line":31,"column":24}},"13":{"start":{"line":33,"column":4},"end":{"line":33,"column":27}},"14":{"start":{"line":36,"column":0},"end":{"line":36,"column":40}},"15":{"start":{"line":38,"column":0},"end":{"line":38,"column":33}},"16":{"start":{"line":40,"column":0},"end":{"line":62,"column":2}},"17":{"start":{"line":41,"column":4},"end":{"line":43,"column":5}},"18":{"start":{"line":42,"column":8},"end":{"line":42,"column":45}},"19":{"start":{"line":44,"column":4},"end":{"line":44,"column":56}},"20":{"start":{"line":46,"column":4},"end":{"line":61,"column":7}},"21":{"start":{"line":48,"column":8},"end":{"line":48,"column":72}},"22":{"start":{"line":51,"column":8},"end":{"line":51,"column":30}},"23":{"start":{"line":52,"column":8},"end":{"line":52,"column":57}},"24":{"start":{"line":54,"column":8},"end":{"line":54,"column":71}},"25":{"start":{"line":57,"column":8},"end":{"line":57,"column":34}},"26":{"start":{"line":59,"column":8},"end":{"line":59,"column":102}},"27":{"start":{"line":60,"column":8},"end":{"line":60,"column":28}},"28":{"start":{"line":64,"column":0},"end":{"line":75,"column":2}},"29":{"start":{"line":65,"column":4},"end":{"line":67,"column":5}},"30":{"start":{"line":66,"column":8},"end":{"line":66,"column":41}},"31":{"start":{"line":68,"column":4},"end":{"line":74,"column":7}},"32":{"start":{"line":70,"column":8},"end":{"line":70,"column":68}},"33":{"start":{"line":73,"column":8},"end":{"line":73,"column":22}},"34":{"start":{"line":77,"column":0},"end":{"line":83,"column":2}},"35":{"start":{"line":78,"column":4},"end":{"line":78,"column":95}},"36":{"start":{"line":80,"column":4},"end":{"line":80,"column":24}},"37":{"start":{"line":81,"column":4},"end":{"line":81,"column":24}},"38":{"start":{"line":82,"column":4},"end":{"line":82,"column":23}},"39":{"start":{"line":85,"column":0},"end":{"line":100,"column":2}},"40":{"start":{"line":86,"column":4},"end":{"line":86,"column":20}},"41":{"start":{"line":87,"column":4},"end":{"line":98,"column":5}},"42":{"start":{"line":88,"column":8},"end":{"line":88,"column":28}},"43":{"start":{"line":90,"column":8},"end":{"line":95,"column":11}},"44":{"start":{"line":91,"column":12},"end":{"line":94,"column":14}},"45":{"start":{"line":92,"column":16},"end":{"line":92,"column":67}},"46":{"start":{"line":93,"column":16},"end":{"line":93,"column":54}},"47":{"start":{"line":97,"column":8},"end":{"line":97,"column":45}},"48":{"start":{"line":99,"column":4},"end":{"line":99,"column":35}},"49":{"start":{"line":102,"column":0},"end":{"line":110,"column":3}},"50":{"start":{"line":103,"column":4},"end":{"line":109,"column":6}},"51":{"start":{"line":104,"column":8},"end":{"line":106,"column":9}},"52":{"start":{"line":105,"column":12},"end":{"line":105,"column":45}},"53":{"start":{"line":107,"column":8},"end":{"line":107,"column":44}},"54":{"start":{"line":108,"column":8},"end":{"line":108,"column":64}},"55":{"start":{"line":112,"column":0},"end":{"line":112,"column":28}}},"branchMap":{"1":{"line":28,"type":"binary-expr","locations":[{"start":{"line":28,"column":11},"end":{"line":28,"column":15}},{"start":{"line":28,"column":19},"end":{"line":28,"column":21}}]},"2":{"line":41,"type":"if","locations":[{"start":{"line":41,"column":4},"end":{"line":41,"column":4}},{"start":{"line":41,"column":4},"end":{"line":41,"column":4}}]},"3":{"line":65,"type":"if","locations":[{"start":{"line":65,"column":4},"end":{"line":65,"column":4}},{"start":{"line":65,"column":4},"end":{"line":65,"column":4}}]},"4":{"line":87,"type":"if","locations":[{"start":{"line":87,"column":4},"end":{"line":87,"column":4}},{"start":{"line":87,"column":4},"end":{"line":87,"column":4}}]},"5":{"line":104,"type":"if","locations":[{"start":{"line":104,"column":8},"end":{"line":104,"column":8}},{"start":{"line":104,"column":8},"end":{"line":104,"column":8}}]}},"code":["// Copyright 2015 The MemDB Authors.","//","// Licensed under the Apache License, Version 2.0 (the \"License\");","// you may not use this file except in compliance with the License.","// You may obtain a copy of the License at","//","//     http://www.apache.org/licenses/LICENSE-2.0","//","// Unless required by applicable law or agreed to in writing, software","// distributed under the License is distributed on an \"AS IS\" BASIS,","// WITHOUT WARRANTIES OR CONDITIONS OF ANY KIND, either express or","// implied. See the License for the specific language governing","// permissions and limitations under the License. See the AUTHORS file","// for names of contributors.","","'use strict';","","var P = require('bluebird');","var EventEmitter = require('events').EventEmitter;","var util = require('util');","var clientPool = require('./clientpool');","var consts = require('./consts');","var logger = require('memdb-logger').getLogger('memdb-client', __filename);","","var Connection = function(opts){","    EventEmitter.call(this);","","    opts = opts || {};","    this.config = opts;","    this._client = null;","    this._connId = null;","","    this._collections = {};","};","","util.inherits(Connection, EventEmitter);","","var proto = Connection.prototype;","","proto.connect = function(){","    if(this._connId){","        throw new Error('already connected');","    }","    var key = this.config.host + ':' + this.config.port;","","    return P.bind(this)","    .then(function(){","        return clientPool.getClient(this.config.host, this.config.port);","    })","    .then(function(client){","        this._client = client;","        this._client.on('close', this._close.bind(this));","","        return this._client.request(null, 'connect', [consts.version]);","    })","    .then(function(ret){","        this._connId = ret.connId;","","        logger.info('[conn:%s] connected on %s:%s', this._connId, this.config.host, this.config.port);","        return this._connId;","    });","};","","proto.close = function(){","    if(!this._connId){","        throw new Error('not connected');","    }","    return P.bind(this)","    .then(function(){","        return this._client.request(this._connId, 'disconnect', []);","    })","    .then(function(){","        this._close();","    });","};","","proto._close = function(){","    logger.info('[conn:%s] closed on %s:%s', this._connId, this.config.host, this.config.port);","","    this._client = null;","    this._connId = null;","    this.emit('close');","};","","proto.collection = function(name){","    var self = this;","    if(!this._collections[name]){","        var collection = {};","","        consts.collMethods.forEach(function(method){","            collection[method] = function(){","                var args = [name].concat([].slice.call(arguments));","                return self[method].apply(self, args);","            };","        });","","        this._collections[name] = collection;","    }","    return this._collections[name];","};","","consts.connMethods.concat(consts.collMethods).forEach(function(method){","    proto[method] = function(){","        if(!this._connId){","            throw new Error('not connected');","        }","        var args = [].slice.call(arguments);","        return this._client.request(this._connId, method, args);","    };","});","","module.exports = Connection;",""],"l":{"18":1,"19":1,"20":1,"21":1,"22":1,"23":1,"25":1,"26":0,"28":0,"29":0,"30":0,"31":0,"33":0,"36":1,"38":1,"40":1,"41":0,"42":0,"44":0,"46":0,"48":0,"51":0,"52":0,"54":0,"57":0,"59":0,"60":0,"64":1,"65":0,"66":0,"68":0,"70":0,"73":0,"77":1,"78":0,"80":0,"81":0,"82":0,"85":1,"86":0,"87":0,"88":0,"90":0,"91":0,"92":0,"93":0,"97":0,"99":0,"102":1,"103":19,"104":0,"105":0,"107":0,"108":0,"112":1}},"/home/travis/build/npmtest/node-npmtest-memdb-server/node_modules/memdb-server/lib/clientpool.js":{"path":"/home/travis/build/npmtest/node-npmtest-memdb-server/node_modules/memdb-server/lib/clientpool.js","s":{"1":1,"2":1,"3":1,"4":1,"5":1,"6":1,"7":1,"8":0,"9":0,"10":0,"11":0,"12":0,"13":0,"14":0,"15":0,"16":0,"17":0,"18":0,"19":0},"b":{"1":[0,0]},"f":{"1":0,"2":0,"3":0,"4":0,"5":0},"fnMap":{"1":{"name":"(anonymous_1)","line":26,"loc":{"start":{"line":26,"column":20},"end":{"line":26,"column":40}}},"2":{"name":"(anonymous_2)","line":29,"loc":{"start":{"line":29,"column":36},"end":{"line":29,"column":46}}},"3":{"name":"(anonymous_3)","line":37,"loc":{"start":{"line":37,"column":21},"end":{"line":37,"column":31}}},"4":{"name":"(anonymous_4)","line":40,"loc":{"start":{"line":40,"column":14},"end":{"line":40,"column":24}}},"5":{"name":"(anonymous_5)","line":43,"loc":{"start":{"line":43,"column":31},"end":{"line":43,"column":41}}}},"statementMap":{"1":{"start":{"line":18,"column":0},"end":{"line":18,"column":28}},"2":{"start":{"line":19,"column":0},"end":{"line":19,"column":38}},"3":{"start":{"line":20,"column":0},"end":{"line":20,"column":33}},"4":{"start":{"line":21,"column":0},"end":{"line":21,"column":75}},"5":{"start":{"line":23,"column":0},"end":{"line":23,"column":17}},"6":{"start":{"line":24,"column":0},"end":{"line":24,"column":34}},"7":{"start":{"line":26,"column":0},"end":{"line":49,"column":2}},"8":{"start":{"line":27,"column":4},"end":{"line":27,"column":32}},"9":{"start":{"line":29,"column":4},"end":{"line":48,"column":7}},"10":{"start":{"line":30,"column":8},"end":{"line":32,"column":9}},"11":{"start":{"line":31,"column":12},"end":{"line":31,"column":32}},"12":{"start":{"line":34,"column":8},"end":{"line":34,"column":34}},"13":{"start":{"line":35,"column":8},"end":{"line":35,"column":37}},"14":{"start":{"line":37,"column":8},"end":{"line":47,"column":11}},"15":{"start":{"line":38,"column":12},"end":{"line":38,"column":46}},"16":{"start":{"line":41,"column":12},"end":{"line":41,"column":34}},"17":{"start":{"line":43,"column":12},"end":{"line":45,"column":15}},"18":{"start":{"line":44,"column":16},"end":{"line":44,"column":36}},"19":{"start":{"line":46,"column":12},"end":{"line":46,"column":26}}},"branchMap":{"1":{"line":30,"type":"if","locations":[{"start":{"line":30,"column":8},"end":{"line":30,"column":8}},{"start":{"line":30,"column":8},"end":{"line":30,"column":8}}]}},"code":["// Copyright 2015 The MemDB Authors.","//","// Licensed under the Apache License, Version 2.0 (the \"License\");","// you may not use this file except in compliance with the License.","// You may obtain a copy of the License at","//","//     http://www.apache.org/licenses/LICENSE-2.0","//","// Unless required by applicable law or agreed to in writing, software","// distributed under the License is distributed on an \"AS IS\" BASIS,","// WITHOUT WARRANTIES OR CONDITIONS OF ANY KIND, either express or","// implied. See the License for the specific language governing","// permissions and limitations under the License. See the AUTHORS file","// for names of contributors.","","'use strict';","","var P = require('bluebird');","var AsyncLock = require('async-lock');","var Client = require('./client');","var logger = require('memdb-logger').getLogger('memdb-client', __filename);","","var clients = {}; // {'host:port' : client}","var connectLock = new AsyncLock();","","exports.getClient = function(host, port){","    var key = host + ':' + port;","","    return connectLock.acquire(key, function(){","        if(clients[key]){","            return clients[key];","        }","","        var client = new Client();","        client.setMaxListeners(1025);","","        return P.try(function(){","            return client.connect(host, port);","        })","        .then(function(){","            clients[key] = client;","","            client.on('close', function(){","                delete clients[key];","            });","            return client;","        });","    });","};",""],"l":{"18":1,"19":1,"20":1,"21":1,"23":1,"24":1,"26":1,"27":0,"29":0,"30":0,"31":0,"34":0,"35":0,"37":0,"38":0,"41":0,"43":0,"44":0,"46":0}},"/home/travis/build/npmtest/node-npmtest-memdb-server/node_modules/memdb-server/lib/client.js":{"path":"/home/travis/build/npmtest/node-npmtest-memdb-server/node_modules/memdb-server/lib/client.js","s":{"1":1,"2":1,"3":1,"4":1,"5":1,"6":1,"7":1,"8":0,"9":0,"10":0,"11":0,"12":0,"13":0,"14":1,"15":1,"16":1,"17":0,"18":0,"19":0,"20":0,"21":0,"22":0,"23":0,"24":0,"25":0,"26":0,"27":0,"28":0,"29":0,"30":0,"31":0,"32":0,"33":0,"34":0,"35":0,"36":0,"37":0,"38":0,"39":0,"40":0,"41":0,"42":0,"43":0,"44":0,"45":0,"46":0,"47":0,"48":0,"49":0,"50":0,"51":0,"52":0,"53":0,"54":0,"55":0,"56":0,"57":0,"58":0,"59":0,"60":0,"61":0,"62":1,"63":0,"64":0,"65":0,"66":0,"67":0,"68":1,"69":0,"70":0,"71":0,"72":0,"73":0,"74":0,"75":0,"76":0,"77":0,"78":0,"79":1},"b":{"1":[0,0],"2":[0,0],"3":[0,0],"4":[0,0],"5":[0,0],"6":[0,0],"7":[0,0]},"f":{"1":0,"2":0,"3":0,"4":0,"5":0,"6":0,"7":0,"8":0,"9":0,"10":0,"11":0},"fnMap":{"1":{"name":"(anonymous_1)","line":25,"loc":{"start":{"line":25,"column":13},"end":{"line":25,"column":23}}},"2":{"name":"(anonymous_2)","line":40,"loc":{"start":{"line":40,"column":16},"end":{"line":40,"column":36}}},"3":{"name":"(anonymous_3)","line":54,"loc":{"start":{"line":54,"column":34},"end":{"line":54,"column":44}}},"4":{"name":"(anonymous_4)","line":59,"loc":{"start":{"line":59,"column":30},"end":{"line":59,"column":40}}},"5":{"name":"(anonymous_5)","line":73,"loc":{"start":{"line":73,"column":23},"end":{"line":73,"column":33}}},"6":{"name":"(anonymous_6)","line":82,"loc":{"start":{"line":82,"column":28},"end":{"line":82,"column":41}}},"7":{"name":"(anonymous_7)","line":103,"loc":{"start":{"line":103,"column":30},"end":{"line":103,"column":43}}},"8":{"name":"(anonymous_8)","line":108,"loc":{"start":{"line":108,"column":43},"end":{"line":108,"column":56}}},"9":{"name":"(anonymous_9)","line":118,"loc":{"start":{"line":118,"column":32},"end":{"line":118,"column":42}}},"10":{"name":"(anonymous_10)","line":125,"loc":{"start":{"line":125,"column":19},"end":{"line":125,"column":29}}},"11":{"name":"(anonymous_11)","line":136,"loc":{"start":{"line":136,"column":16},"end":{"line":136,"column":46}}}},"statementMap":{"1":{"start":{"line":18,"column":0},"end":{"line":18,"column":28}},"2":{"start":{"line":19,"column":0},"end":{"line":19,"column":27}},"3":{"start":{"line":20,"column":0},"end":{"line":20,"column":25}},"4":{"start":{"line":21,"column":0},"end":{"line":21,"column":50}},"5":{"start":{"line":22,"column":0},"end":{"line":22,"column":37}},"6":{"start":{"line":23,"column":0},"end":{"line":23,"column":75}},"7":{"start":{"line":25,"column":0},"end":{"line":34,"column":2}},"8":{"start":{"line":26,"column":4},"end":{"line":26,"column":28}},"9":{"start":{"line":28,"column":4},"end":{"line":28,"column":25}},"10":{"start":{"line":29,"column":4},"end":{"line":29,"column":17}},"11":{"start":{"line":30,"column":4},"end":{"line":30,"column":23}},"12":{"start":{"line":31,"column":4},"end":{"line":31,"column":22}},"13":{"start":{"line":33,"column":4},"end":{"line":33,"column":35}},"14":{"start":{"line":36,"column":0},"end":{"line":36,"column":36}},"15":{"start":{"line":38,"column":0},"end":{"line":38,"column":29}},"16":{"start":{"line":40,"column":0},"end":{"line":123,"column":2}},"17":{"start":{"line":41,"column":4},"end":{"line":43,"column":5}},"18":{"start":{"line":42,"column":8},"end":{"line":42,"column":50}},"19":{"start":{"line":45,"column":4},"end":{"line":45,"column":20}},"20":{"start":{"line":46,"column":4},"end":{"line":46,"column":55}},"21":{"start":{"line":48,"column":4},"end":{"line":48,"column":36}},"22":{"start":{"line":50,"column":4},"end":{"line":50,"column":50}},"23":{"start":{"line":52,"column":4},"end":{"line":52,"column":52}},"24":{"start":{"line":54,"column":4},"end":{"line":57,"column":7}},"25":{"start":{"line":55,"column":8},"end":{"line":55,"column":54}},"26":{"start":{"line":56,"column":8},"end":{"line":56,"column":34}},"27":{"start":{"line":59,"column":4},"end":{"line":80,"column":7}},"28":{"start":{"line":60,"column":8},"end":{"line":60,"column":59}},"29":{"start":{"line":63,"column":8},"end":{"line":66,"column":9}},"30":{"start":{"line":64,"column":12},"end":{"line":64,"column":47}},"31":{"start":{"line":65,"column":12},"end":{"line":65,"column":70}},"32":{"start":{"line":67,"column":8},"end":{"line":67,"column":27}},"33":{"start":{"line":68,"column":8},"end":{"line":68,"column":26}},"34":{"start":{"line":72,"column":8},"end":{"line":76,"column":9}},"35":{"start":{"line":73,"column":12},"end":{"line":75,"column":18}},"36":{"start":{"line":74,"column":16},"end":{"line":74,"column":50}},"37":{"start":{"line":77,"column":8},"end":{"line":77,"column":29}},"38":{"start":{"line":79,"column":8},"end":{"line":79,"column":27}},"39":{"start":{"line":82,"column":4},"end":{"line":101,"column":7}},"40":{"start":{"line":83,"column":8},"end":{"line":83,"column":45}},"41":{"start":{"line":84,"column":8},"end":{"line":86,"column":9}},"42":{"start":{"line":85,"column":12},"end":{"line":85,"column":19}},"43":{"start":{"line":89,"column":8},"end":{"line":89,"column":47}},"44":{"start":{"line":91,"column":8},"end":{"line":98,"column":9}},"45":{"start":{"line":92,"column":12},"end":{"line":92,"column":56}},"46":{"start":{"line":93,"column":12},"end":{"line":93,"column":38}},"47":{"start":{"line":96,"column":12},"end":{"line":96,"column":57}},"48":{"start":{"line":97,"column":12},"end":{"line":97,"column":36}},"49":{"start":{"line":99,"column":8},"end":{"line":99,"column":38}},"50":{"start":{"line":100,"column":8},"end":{"line":100,"column":37}},"51":{"start":{"line":103,"column":4},"end":{"line":116,"column":7}},"52":{"start":{"line":104,"column":8},"end":{"line":106,"column":9}},"53":{"start":{"line":105,"column":12},"end":{"line":105,"column":40}},"54":{"start":{"line":108,"column":8},"end":{"line":115,"column":11}},"55":{"start":{"line":110,"column":12},"end":{"line":110,"column":47}},"56":{"start":{"line":111,"column":12},"end":{"line":111,"column":43}},"57":{"start":{"line":113,"column":12},"end":{"line":113,"column":37}},"58":{"start":{"line":114,"column":12},"end":{"line":114,"column":38}},"59":{"start":{"line":118,"column":4},"end":{"line":120,"column":7}},"60":{"start":{"line":119,"column":8},"end":{"line":119,"column":26}},"61":{"start":{"line":122,"column":4},"end":{"line":122,"column":35}},"62":{"start":{"line":125,"column":0},"end":{"line":134,"column":2}},"63":{"start":{"line":126,"column":4},"end":{"line":128,"column":5}},"64":{"start":{"line":127,"column":8},"end":{"line":127,"column":15}},"65":{"start":{"line":130,"column":4},"end":{"line":130,"column":40}},"66":{"start":{"line":131,"column":4},"end":{"line":131,"column":31}},"67":{"start":{"line":133,"column":4},"end":{"line":133,"column":43}},"68":{"start":{"line":136,"column":0},"end":{"line":161,"column":2}},"69":{"start":{"line":137,"column":4},"end":{"line":139,"column":5}},"70":{"start":{"line":138,"column":8},"end":{"line":138,"column":41}},"71":{"start":{"line":141,"column":4},"end":{"line":141,"column":25}},"72":{"start":{"line":143,"column":4},"end":{"line":143,"column":29}},"73":{"start":{"line":144,"column":4},"end":{"line":144,"column":34}},"74":{"start":{"line":146,"column":4},"end":{"line":151,"column":6}},"75":{"start":{"line":153,"column":4},"end":{"line":153,"column":28}},"76":{"start":{"line":156,"column":4},"end":{"line":156,"column":39}},"77":{"start":{"line":158,"column":4},"end":{"line":158,"column":105}},"78":{"start":{"line":160,"column":4},"end":{"line":160,"column":28}},"79":{"start":{"line":163,"column":0},"end":{"line":163,"column":24}}},"branchMap":{"1":{"line":41,"type":"if","locations":[{"start":{"line":41,"column":4},"end":{"line":41,"column":4}},{"start":{"line":41,"column":4},"end":{"line":41,"column":4}}]},"
[...]
:16},"end":{"line":112,"column":50}},"64":{"start":{"line":116,"column":8},"end":{"line":131,"column":9}},"65":{"start":{"line":117,"column":12},"end":{"line":130,"column":13}},"66":{"start":{"line":118,"column":16},"end":{"line":118,"column":43}},"67":{"start":{"line":119,"column":16},"end":{"line":119,"column":57}},"68":{"start":{"line":120,"column":16},"end":{"line":125,"column":17}},"69":{"start":{"line":121,"column":20},"end":{"line":124,"column":21}},"70":{"start":{"line":122,"column":24},"end":{"line":122,"column":50}},"71":{"start":{"line":123,"column":24},"end":{"line":123,"column":93}},"72":{"start":{"line":126,"column":16},"end":{"line":128,"column":17}},"73":{"start":{"line":127,"column":20},"end":{"line":127,"column":43}},"74":{"start":{"line":129,"column":16},"end":{"line":129,"column":50}},"75":{"start":{"line":134,"column":8},"end":{"line":134,"column":42}},"76":{"start":{"line":137,"column":4},"end":{"line":137,"column":62}},"77":{"start":{"line":138,"column":4},"end":{"line":138,"column":23}},"78":{"start":{"line":142,"column":0},"end":{"line":142,"column":27}},"79":{"start":{"line":144,"column":0},"end":{"line":146,"column":2}},"80":{"start":{"line":145,"column":4},"end":{"line":145,"column":77}},"81":{"start":{"line":148,"column":0},"end":{"line":150,"column":2}},"82":{"start":{"line":149,"column":4},"end":{"line":149,"column":80}},"83":{"start":{"line":152,"column":0},"end":{"line":154,"column":2}},"84":{"start":{"line":153,"column":4},"end":{"line":153,"column":81}},"85":{"start":{"line":156,"column":0},"end":{"line":158,"column":2}},"86":{"start":{"line":157,"column":4},"end":{"line":157,"column":80}},"87":{"start":{"line":160,"column":0},"end":{"line":162,"column":2}},"88":{"start":{"line":161,"column":4},"end":{"line":161,"column":83}},"89":{"start":{"line":164,"column":0},"end":{"line":166,"column":2}},"90":{"start":{"line":165,"column":4},"end":{"line":165,"column":84}},"91":{"start":{"line":182,"column":0},"end":{"line":182,"column":100}},"92":{"start":{"line":184,"column":0},"end":{"line":195,"column":1}},"93":{"start":{"line":185,"column":4},"end":{"line":194,"column":22}},"94":{"start":{"line":186,"column":8},"end":{"line":193,"column":10}},"95":{"start":{"line":187,"column":12},"end":{"line":187,"column":51}},"96":{"start":{"line":188,"column":12},"end":{"line":192,"column":13}},"97":{"start":{"line":189,"column":16},"end":{"line":189,"column":81}},"98":{"start":{"line":191,"column":16},"end":{"line":191,"column":83}},"99":{"start":{"line":197,"column":0},"end":{"line":197,"column":42}}},"branchMap":{"1":{"line":19,"type":"if","locations":[{"start":{"line":19,"column":8},"end":{"line":19,"column":8}},{"start":{"line":19,"column":8},"end":{"line":19,"column":8}}]},"2":{"line":27,"type":"if","locations":[{"start":{"line":27,"column":8},"end":{"line":27,"column":8}},{"start":{"line":27,"column":8},"end":{"line":27,"column":8}}]},"3":{"line":27,"type":"binary-expr","locations":[{"start":{"line":27,"column":11},"end":{"line":27,"column":15}},{"start":{"line":27,"column":19},"end":{"line":27,"column":31}}]},"4":{"line":33,"type":"if","locations":[{"start":{"line":33,"column":4},"end":{"line":33,"column":4}},{"start":{"line":33,"column":4},"end":{"line":33,"column":4}}]},"5":{"line":52,"type":"if","locations":[{"start":{"line":52,"column":4},"end":{"line":52,"column":4}},{"start":{"line":52,"column":4},"end":{"line":52,"column":4}}]},"6":{"line":62,"type":"if","locations":[{"start":{"line":62,"column":8},"end":{"line":62,"column":8}},{"start":{"line":62,"column":8},"end":{"line":62,"column":8}}]},"7":{"line":72,"type":"if","locations":[{"start":{"line":72,"column":4},"end":{"line":72,"column":4}},{"start":{"line":72,"column":4},"end":{"line":72,"column":4}}]},"8":{"line":89,"type":"if","locations":[{"start":{"line":89,"column":8},"end":{"line":89,"column":8}},{"start":{"line":89,"column":8},"end":{"line":89,"column":8}}]},"9":{"line":93,"type":"if","locations":[{"start":{"line":93,"column":8},"end":{"line":93,"column":8}},{"start":{"line":93,"column":8},"end":{"line":93,"column":8}}]},"10":{"line":100,"type":"if","locations":[{"start":{"line":100,"column":12},"end":{"line":100,"column":12}},{"start":{"line":100,"column":12},"end":{"line":100,"column":12}}]},"11":{"line":100,"type":"binary-expr","locations":[{"start":{"line":100,"column":15},"end":{"line":100,"column":30}},{"start":{"line":100,"column":34},"end":{"line":100,"column":59}}]},"12":{"line":104,"type":"if","locations":[{"start":{"line":104,"column":12},"end":{"line":104,"column":12}},{"start":{"line":104,"column":12},"end":{"line":104,"column":12}}]},"13":{"line":106,"type":"if","locations":[{"start":{"line":106,"column":16},"end":{"line":106,"column":16}},{"start":{"line":106,"column":16},"end":{"line":106,"column":16}}]},"14":{"line":111,"type":"binary-expr","locations":[{"start":{"line":111,"column":46},"end":{"line":111,"column":78}},{"start":{"line":111,"column":82},"end":{"line":111,"column":84}}]},"15":{"line":116,"type":"if","locations":[{"start":{"line":116,"column":8},"end":{"line":116,"column":8}},{"start":{"line":116,"column":8},"end":{"line":116,"column":8}}]},"16":{"line":121,"type":"if","locations":[{"start":{"line":121,"column":20},"end":{"line":121,"column":20}},{"start":{"line":121,"column":20},"end":{"line":121,"column":20}}]},"17":{"line":123,"type":"binary-expr","locations":[{"start":{"line":123,"column":54},"end":{"line":123,"column":86}},{"start":{"line":123,"column":90},"end":{"line":123,"column":92}}]},"18":{"line":126,"type":"if","locations":[{"start":{"line":126,"column":16},"end":{"line":126,"column":16}},{"start":{"line":126,"column":16},"end":{"line":126,"column":16}}]},"19":{"line":126,"type":"binary-expr","locations":[{"start":{"line":126,"column":19},"end":{"line":126,"column":27}},{"start":{"line":126,"column":31},"end":{"line":126,"column":48}}]},"20":{"line":188,"type":"if","locations":[{"start":{"line":188,"column":12},"end":{"line":188,"column":12}},{"start":{"line":188,"column":12},"end":{"line":188,"column":12}}]}},"code":["'use strict';","","var path = require('path');","global.MONGOOSE_DRIVER_PATH = '../../../../lib/mongoose-driver';","var P = require('bluebird');","var util = require('util');","var logger = require('memdb-logger').getLogger('memdb-client', __filename);","var memdb = require('./index');","","var mongoose = require('mongoose');","","// save original connect","var connectMongo = mongoose.connect;","var disconnectMongo = mongoose.disconnect;","","mongoose.connect = function(opts){","    var promise = P.bind(this)","    .then(function(){","        if(this._autoconn){","            throw new Error('Already connected');","        }","        return memdb.autoConnect(opts);","    })","    .then(function(ret){","        this._autoconn = ret;","","        if(opts && opts.backend){","            return P.promisify(connectMongo, mongoose)(opts.backend.url);","        }","    });","","    var cb = arguments[arguments.length - 1];","    if(typeof(cb) === 'function'){","        return promise.nodeify(cb);","    }","    else{","        return promise;","    }","};","","mongoose.disconnect = function(){","    var promise = P.bind(this)","    .then(function(){","        return this.autoconn.close();","    })","    .then(function(){","        this._autoconn = null;","        return P.promisify(disconnectMongo, mongoose)();","    });","","    var cb = arguments[arguments.length - 1];","    if(typeof(cb) === 'function'){","        return promise.nodeify(cb);","    }","    else{","        return promise;","    }","};","","Object.defineProperty(mongoose, 'autoconn' , {","    get : function(){","        if(!mongoose._autoconn){","            throw new Error('Please connect first');","        }","        return mongoose._autoconn;","    }","});","","mongoose.transaction = function(func, shardId, cb){","    var promise = this.autoconn.transaction(func, shardId);","","    if(typeof(cb) === 'function'){","        return promise.nodeify(cb);","    }","    else{","        return promise;","    }","};","","// Parse mongoose model to generate collection config (indexes)","mongoose.genCollectionConfig = function(){","    var collections = {};","","    for(var name in mongoose.models){","        var model = mongoose.models[name];","        var schema = model.schema;","        var collname = model.collection.name;","","        if(!collections[collname]){","            collections[collname] = {};","        }","        var collection = collections[collname];","        if(!collection.indexes){","            collection.indexes = [];","        }","","        var paths = schema.paths;","        var index = null, mdbIndex = null;","        for(var field in paths){","            if(field === '_id' || field.indexOf('.') !== -1){","                continue; //ignore compound field and _id","            }","            index = paths[field]._index;","            if(!!index){","                mdbIndex = {keys : [field]};","                if(!!index.unique){","                    mdbIndex.unique = true;","                }","","                mdbIndex.valueIgnore = {};","                mdbIndex.valueIgnore[field] = paths[field].options.indexIgnore || [];","                collection.indexes.push(mdbIndex);","            }","        }","","        if(!!schema._indexes){","            for(var i in schema._indexes){","                index = schema._indexes[i];","                mdbIndex = {keys : [], valueIgnore : {}};","                for(field in index[0]){","                    if(index[0][field]){","                        mdbIndex.keys.push(field);","                        mdbIndex.valueIgnore[field] = paths[field].options.indexIgnore || [];","                    }","                }","                if(index[1] && !!index[1].unique){","                    mdbIndex.unique = true;","                }","                collection.indexes.push(mdbIndex);","            }","        }","","        //Disable versionkey","        schema.options.versionKey = false;","    }","","    logger.info('parsed collection config : %j', collections);","    return collections;","};","","","var Model = mongoose.Model;","","Model.findMongo = function(query, cb){","    return this.find.apply(this, [].slice.call(arguments)).comment('$mongo');","};","","Model.findOneMongo = function(){","    return this.findOne.apply(this, [].slice.call(arguments)).comment('$mongo');","};","","Model.findByIdMongo = function(){","    return this.findById.apply(this, [].slice.call(arguments)).comment('$mongo');","};","","Model.findReadOnly = function(){","    return this.find.apply(this, [].slice.call(arguments)).comment('$readonly');","};","","Model.findOneReadOnly = function(){","    return this.findOne.apply(this, [].slice.call(arguments)).comment('$readonly');","};","","Model.findByIdReadOnly = function(){","    return this.findById.apply(this, [].slice.call(arguments)).comment('$readonly');","};","","// var overwrited = ['insert', 'save', 'remove', 'update'];","","// for (var i = overwrited.length - 1; i >= 0; i--) {","//     (function(funcName){","//         var oldFunc = Model.prototype[funcName];","//         Model.prototype[funcName] = function (fn) {","//             if(this.__readonly__) {","//                 return fn(new Error('document is readonly'));","//             }","//             oldFunc.apply(this, arguments);","//         };","//     })(overwrited[i]); //jshint ignore:line","// }","","var overwrited = ['findByIdAndRemove', 'findByIdAndUpdate', 'findOneAndUpdate', 'findOneAndRemove'];","","for (var i = overwrited.length - 1; i >= 0; i--) {","    (function(funcName){","        mongoose.Model[funcName] = function(){","            var cb = arguments[arguments.length-1];","            if(typeof(cb) === 'function') {","                cb(new Error(util.format('not implemented method: ', funcName)));","            } else {","                throw new Error(util.format('not implemented method: ', funcName));","            }","        };","    })(overwrited[i]); //jshint ignore:line","}","","module.exports = P.promisifyAll(mongoose);","",""],"l":{"3":2,"4":2,"5":2,"6":2,"7":2,"8":2,"10":2,"13":0,"14":0,"16":0,"17":0,"19":0,"20":0,"22":0,"25":0,"27":0,"28":0,"32":0,"33":0,"34":0,"37":0,"41":0,"42":0,"44":0,"47":0,"48":0,"51":0,"52":0,"53":0,"56":0,"60":0,"62":0,"63":0,"65":0,"69":0,"70":0,"72":0,"73":0,"76":0,"81":0,"82":0,"84":0,"85":0,"86":0,"87":0,"89":0,"90":0,"92":0,"93":0,"94":0,"97":0,"98":0,"99":0,"100":0,"101":0,"103":0,"104":0,"105":0,"106":0,"107":0,"110":0,"111":0,"112":0,"116":0,"117":0,"118":0,"119":0,"120":0,"121":0,"122":0,"123":0,"126":0,"127":0,"129":0,"134":0,"137":0,"138":0,"142":0,"144":0,"145":0,"148":0,"149":0,"152":0,"153":0,"156":0,"157":0,"160":0,"161":0,"164":0,"165":0,"182":0,"184":0,"185":0,"186":0,"187":0,"188":0,"189":0,"191":0,"197":0}},"/home/travis/build/npmtest/node-npmtest-memdb-server/node_modules/memdb-server/lib/mongoose-driver/binary.js":{"path":"/home/travis/build/npmtest/node-npmtest-memdb-server/node_modules/memdb-server/lib/mongoose-driver/binary.js","s":{"1":1,"2":1},"b":{},"f":{},"fnMap":{},"statementMap":{"1":{"start":{"line":22,"column":0},"end":{"line":22,"column":39}},"2":{"start":{"line":24,"column":0},"end":{"line":24,"column":34}}},"branchMap":{},"code":["// Copyright 2015 The MemDB Authors.","//","// Licensed under the Apache License, Version 2.0 (the \"License\");","// you may not use this file except in compliance with the License.","// You may obtain a copy of the License at","//","//     http://www.apache.org/licenses/LICENSE-2.0","//","// Unless required by applicable law or agreed to in writing, software","// distributed under the License is distributed on an \"AS IS\" BASIS,","// WITHOUT WARRANTIES OR CONDITIONS OF ANY KIND, either express or","// implied. See the License for the specific language governing","// permissions and limitations under the License. See the AUTHORS file","// for names of contributors.","","/* jshint ignore:start */","","/*!"," * Module dependencies."," */","","var Binary = require('mongodb').Binary;","","module.exports = exports = Binary;",""],"l":{"22":1,"24":1}},"/home/travis/build/npmtest/node-npmtest-memdb-server/node_modules/memdb-server/lib/mongoose-driver/objectid.js":{"path":"/home/travis/build/npmtest/node-npmtest-memdb-server/node_modules/memdb-server/lib/mongoose-driver/objectid.js","s":{"1":1,"2":1},"b":{},"f":{},"fnMap":{},"statementMap":{"1":{"start":{"line":24,"column":0},"end":{"line":24,"column":43}},"2":{"start":{"line":30,"column":0},"end":{"line":30,"column":36}}},"branchMap":{},"code":["// Copyright 2015 The MemDB Authors.","//","// Licensed under the Apache License, Version 2.0 (the \"License\");","// you may not use this file except in compliance with the License.","// You may obtain a copy of the License at","//","//     http://www.apache.org/licenses/LICENSE-2.0","//","// Unless required by applicable law or agreed to in writing, software","// distributed under the License is distributed on an \"AS IS\" BASIS,","// WITHOUT WARRANTIES OR CONDITIONS OF ANY KIND, either express or","// implied. See the License for the specific language governing","// permissions and limitations under the License. See the AUTHORS file","// for names of contributors.","","/* jshint ignore:start */","","/*!"," * [node-mongodb-native](https://github.com/mongodb/node-mongodb-native) ObjectId"," * @constructor NodeMongoDbObjectId"," * @see ObjectId"," */","","var ObjectId = require('mongodb').ObjectId;","","/*!"," * ignore"," */","","module.exports = exports = ObjectId;",""],"l":{"24":1,"30":1}},"/home/travis/build/npmtest/node-npmtest-memdb-server/node_modules/memdb-server/lib/mongoose-driver/ReadPreference.js":{"path":"/home/travis/build/npmtest/node-npmtest-memdb-server/node_modules/memdb-server/lib/mongoose-driver/ReadPreference.js","s":{"1":1,"2":1,"3":1,"4":0,"5":0,"6":0,"7":0,"8":0,"9":0,"10":0,"11":0,"12":0,"13":0,"14":0,"15":0,"16":0,"17":0,"18":0,"19":0,"20":0},"b":{"1":[0,0],"2":[0,0],"3":[0,0,0,0,0]},"f":{"1":0},"fnMap":{"1":{"name":"readPref","line":33,"loc":{"start":{"line":33,"column":17},"end":{"line":33,"column":48}}}},"statementMap":{"1":{"start":{"line":22,"column":0},"end":{"line":22,"column":33}},"2":{"start":{"line":23,"column":0},"end":{"line":23,"column":38}},"3":{"start":{"line":33,"column":0},"end":{"line":62,"column":1}},"4":{"start":{"line":34,"column":2},"end":{"line":37,"column":3}},"5":{"start":{"line":35,"column":4},"end":{"line":35,"column":19}},"6":{"start":{"line":36,"column":4},"end":{"line":36,"column":19}},"7":{"start":{"line":39,"column":2},"end":{"line":41,"column":3}},"8":{"start":{"line":40,"column":4},"end":{"line":40,"column":16}},"9":{"start":{"line":43,"column":2},"end":{"line":59,"column":3}},"10":{"start":{"line":45,"column":6},"end":{"line":45,"column":23}},"11":{"start":{"line":46,"column":6},"end":{"line":46,"column":12}},"12":{"start":{"line":48,"column":6},"end":{"line":48,"column":32}},"13":{"start":{"line":49,"column":6},"end":{"line":49,"column":12}},"14":{"start":{"line":51,"column":6},"end":{"line":51,"column":25}},"15":{"start":{"line":52,"column":6},"end":{"line":52,"column":12}},"16":{"start":{"line":54,"column":6},"end":{"line":54,"column":34}},"17":{"start":{"line":55,"column":6},"end":{"line":55,"column":12}},"18":{"start":{"line":57,"column":6},"end":{"line":57,"column":23}},"19":{"start":{"line":58,"column":6},"end":{"line":58,"column":12}},"20":{"start":{"line":61,"column":2},"end":{"line":61,"column":34}}},"branchMap":{"1":{"line":34,"type":"if","locations":[{"start":{"line":34,"column":2},"end":{"line":34,"column":2}},{"start":{"line":34,"column":2},"end":{"line":34,"column":2}}]},"2":{"line":39,"type":"if","locations":[{"start":{"line":39,"column":2},"end":{"line":39,"column":2}},{"start":{"line":39,"column":2},"end":{"line":39,"column":2}}]},"3":{"line":43,"type":"switch","locations":[{"start":{"line":44,"column":4},"end":{"line":46,"column":12}},{"start":{"line":47,"column":4},"end":{"line":49,"column":12}},{"start":{"line":50,"column":4},"end":{"line":52,"column":12}},{"start":{"line":53,"column":4},"end":{"line":55,"column":12}},{"start":{"line":56,"column":4},"end":{"line":58,"column":12}}]}},"code":["// Copyright 2015 The MemDB Authors.","//","// Licensed under the Apache License, Version 2.0 (the \"License\");","// you may not use this file except in compliance with the License.","// You may obtain a copy of the License at","//","//     http://www.apache.org/licenses/LICENSE-2.0","//","// Unless required by applicable law or agreed to in writing, software","// distributed under the License is distributed on an \"AS IS\" BASIS,","// WITHOUT WARRANTIES OR CONDITIONS OF ANY KIND, either express or","// implied. See the License for the specific language governing","// permissions and limitations under the License. See the AUTHORS file","// for names of contributors.","","/* jshint ignore:start */","","/*!"," * Module dependencies."," */","","var mongodb = require('mongodb');","var ReadPref = mongodb.ReadPreference;","","/*!"," * Converts arguments to ReadPrefs the driver"," * can understand."," *"," * @param {String|Array} pref"," * @param {Array} [tags]"," */","","module.exports = function readPref (pref, tags) {","  if (Array.isArray(pref)) {","    tags = pref[1];","    pref = pref[0];","  }","","  if (pref instanceof ReadPref) {","    return pref;","  }","","  switch (pref) {","    case 'p':","      pref = 'primary';","      break;","    case 'pp':","      pref = 'primaryPreferred';","      break;","    case 's':","      pref = 'secondary';","      break;","    case 'sp':","      pref = 'secondaryPreferred';","      break;","    case 'n':","      pref = 'nearest';","      break;","  }","","  return new ReadPref(pref, tags);","}",""],"l":{"22":1,"23":1,"33":1,"34":0,"35":0,"36":0,"39":0,"40":0,"43":0,"45":0,"46":0,"48":0,"49":0,"51":0,"52":0,"54":0,"55":0,"57":0,"58":0,"61":0}}}